{"/home/travis/build/npmtest/node-npmtest-speedtest-net/test.js":{"path":"/home/travis/build/npmtest/node-npmtest-speedtest-net/test.js","s":{"1":2,"2":2,"3":2,"4":2,"5":2,"6":2,"7":2,"8":1,"9":2,"10":2,"11":1,"12":1,"13":1,"14":1,"15":2,"16":2,"17":2,"18":2,"19":1,"20":1,"21":2,"22":2,"23":2,"24":1,"25":1,"26":1,"27":1,"28":1,"29":1,"30":1,"31":1,"32":1,"33":1,"34":1,"35":1,"36":1,"37":1,"38":1,"39":2,"40":2,"41":1,"42":2,"43":2,"44":1,"45":2,"46":2,"47":1,"48":2,"49":2,"50":1,"51":1,"52":1,"53":1,"54":1},"b":{"1":[2,1,1,1],"2":[1,1,1,1],"3":[1,1],"4":[1,1],"5":[1,1],"6":[1,1],"7":[1,1],"8":[1,1],"9":[1,1],"10":[1,1,1],"11":[1,1],"12":[1,1],"13":[1,1],"14":[1,1],"15":[1,1],"16":[1,1],"17":[1,1]},"f":{"1":2,"2":2,"3":2,"4":2,"5":2,"6":1,"7":1,"8":1,"9":2,"10":2,"11":2,"12":2,"13":1},"fnMap":{"1":{"name":"(anonymous_1)","line":12,"loc":{"start":{"line":12,"column":1},"end":{"line":12,"column":13}}},"2":{"name":"(anonymous_2)","line":19,"loc":{"start":{"line":19,"column":5},"end":{"line":19,"column":17}}},"3":{"name":"(anonymous_3)","line":23,"loc":{"start":{"line":23,"column":24},"end":{"line":23,"column":36}}},"4":{"name":"(anonymous_4)","line":61,"loc":{"start":{"line":61,"column":5},"end":{"line":61,"column":17}}},"5":{"name":"(anonymous_5)","line":82,"loc":{"start":{"line":82,"column":5},"end":{"line":82,"column":17}}},"6":{"name":"(anonymous_6)","line":91,"loc":{"start":{"line":91,"column":77},"end":{"line":94,"column":10}}},"7":{"name":"(anonymous_7)","line":112,"loc":{"start":{"line":112,"column":83},"end":{"line":115,"column":10}},"skip":true},"8":{"name":"(anonymous_8)","line":123,"loc":{"start":{"line":123,"column":77},"end":{"line":126,"column":10}},"skip":true},"9":{"name":"(anonymous_9)","line":139,"loc":{"start":{"line":139,"column":12},"end":{"line":139,"column":40}},"skip":true},"10":{"name":"(anonymous_10)","line":147,"loc":{"start":{"line":147,"column":77},"end":{"line":150,"column":10}},"skip":true},"11":{"name":"(anonymous_11)","line":158,"loc":{"start":{"line":158,"column":83},"end":{"line":161,"column":10}},"skip":true},"12":{"name":"(anonymous_12)","line":169,"loc":{"start":{"line":169,"column":79},"end":{"line":172,"column":10}},"skip":true},"13":{"name":"(anonymous_13)","line":180,"loc":{"start":{"line":180,"column":75},"end":{"line":183,"column":10}},"skip":true}},"statementMap":{"1":{"start":{"line":12,"column":0},"end":{"line":195,"column":5}},"2":{"start":{"line":14,"column":4},"end":{"line":14,"column":14}},"3":{"start":{"line":19,"column":4},"end":{"line":56,"column":9}},"4":{"start":{"line":21,"column":8},"end":{"line":21,"column":19}},"5":{"start":{"line":23,"column":8},"end":{"line":35,"column":13}},"6":{"start":{"line":24,"column":12},"end":{"line":34,"column":13}},"7":{"start":{"line":25,"column":16},"end":{"line":28,"column":30}},"8":{"start":{"line":30,"column":16},"end":{"line":33,"column":27}},"9":{"start":{"line":37,"column":8},"end":{"line":39,"column":21}},"10":{"start":{"line":40,"column":8},"end":{"line":53,"column":9}},"11":{"start":{"line":43,"column":12},"end":{"line":46,"column":14}},"12":{"start":{"line":47,"column":12},"end":{"line":47,"column":18}},"13":{"start":{"line":50,"column":12},"end":{"line":51,"column":33}},"14":{"start":{"line":52,"column":12},"end":{"line":52,"column":18}},"15":{"start":{"line":55,"column":8},"end":{"line":55,"column":35}},"16":{"start":{"line":61,"column":4},"end":{"line":63,"column":9}},"17":{"start":{"line":62,"column":8},"end":{"line":62,"column":15}},"18":{"start":{"line":64,"column":4},"end":{"line":77,"column":5}},"19":{"start":{"line":70,"column":8},"end":{"line":70,"column":14}},"20":{"start":{"line":76,"column":8},"end":{"line":76,"column":14}},"21":{"start":{"line":82,"column":4},"end":{"line":84,"column":9}},"22":{"start":{"line":83,"column":8},"end":{"line":83,"column":15}},"23":{"start":{"line":85,"column":4},"end":{"line":194,"column":5}},"24":{"start":{"line":91,"column":8},"end":{"line":99,"column":10}},"25":{"start":{"line":98,"column":12},"end":{"line":98,"column":35}},"26":{"start":{"line":102,"column":8},"end":{"line":104,"column":63}},"27":{"start":{"line":105,"column":8},"end":{"line":105,"column":14}},"28":{"start":{"line":112,"column":8},"end":{"line":121,"column":10},"skip":true},"29":{"start":{"line":119,"column":12},"end":{"line":119,"column":55},"skip":true},"30":{"start":{"line":120,"column":12},"end":{"line":120,"column":48},"skip":true},"31":{"start":{"line":123,"column":8},"end":{"line":136,"column":10},"skip":true},"32":{"start":{"line":130,"column":12},"end":{"line":130,"column":76},"skip":true},"33":{"start":{"line":131,"column":12},"end":{"line":131,"column":73},"skip":true},"34":{"start":{"line":132,"column":12},"end":{"line":132,"column":74},"skip":true},"35":{"start":{"line":133,"column":12},"end":{"line":133,"column":79},"skip":true},"36":{"start":{"line":134,"column":12},"end":{"line":134,"column":25},"skip":true},"37":{"start":{"line":135,"column":12},"end":{"line":135,"column":45},"skip":true},"38":{"start":{"line":138,"column":8},"end":{"line":145,"column":14},"skip":true},"39":{"start":{"line":143,"column":16},"end":{"line":143,"column":29},"skip":true},"40":{"start":{"line":144,"column":16},"end":{"line":144,"column":55},"skip":true},"41":{"start":{"line":147,"column":8},"end":{"line":156,"column":10},"skip":true},"42":{"start":{"line":154,"column":12},"end":{"line":154,"column":25},"skip":true},"43":{"start":{"line":155,"column":12},"end":{"line":155,"column":45},"skip":true},"44":{"start":{"line":158,"column":8},"end":{"line":167,"column":10},"skip":true},"45":{"start":{"line":165,"column":12},"end":{"line":165,"column":25},"skip":true},"46":{"start":{"line":166,"column":12},"end":{"line":166,"column":48},"skip":true},"47":{"start":{"line":169,"column":8},"end":{"line":178,"column":10},"skip":true},"48":{"start":{"line":176,"column":12},"end":{"line":176,"column":25},"skip":true},"49":{"start":{"line":177,"column":12},"end":{"line":177,"column":46},"skip":true},"50":{"start":{"line":180,"column":8},"end":{"line":189,"column":10},"skip":true},"51":{"start":{"line":187,"column":12},"end":{"line":187,"column":94},"skip":true},"52":{"start":{"line":188,"column":12},"end":{"line":188,"column":48},"skip":true},"53":{"start":{"line":192,"column":8},"end":{"line":192,"column":35},"skip":true},"54":{"start":{"line":193,"column":8},"end":{"line":193,"column":14},"skip":true}},"branchMap":{"1":{"line":25,"type":"binary-expr","locations":[{"start":{"line":25,"column":23},"end":{"line":25,"column":62}},{"start":{"line":26,"column":20},"end":{"line":26,"column":70}},{"start":{"line":27,"column":20},"end":{"line":27,"column":71}},{"start":{"line":28,"column":20},"end":{"line":28,"column":29}}]},"2":{"line":30,"type":"binary-expr","locations":[{"start":{"line":30,"column":23},"end":{"line":30,"column":37}},{"start":{"line":31,"column":20},"end":{"line":31,"column":61}},{"start":{"line":32,"column":20},"end":{"line":32,"column":70}},{"start":{"line":33,"column":20},"end":{"line":33,"column":26}}]},"3":{"line":37,"type":"cond-expr","locations":[{"start":{"line":38,"column":14},"end":{"line":38,"column":20}},{"start":{"line":39,"column":14},"end":{"line":39,"column":20}}]},"4":{"line":40,"type":"switch","locations":[{"start":{"line":42,"column":8},"end":{"line":47,"column":18}},{"start":{"line":49,"column":8},"end":{"line":52,"column":18}}]},"5":{"line":44,"type":"binary-expr","locations":[{"start":{"line":44,"column":16},"end":{"line":44,"column":44}},{"start":{"line":44,"column":48},"end":{"line":44,"column":66}}]},"6":{"line":50,"type":"binary-expr","locations":[{"start":{"line":50,"column":21},"end":{"line":50,"column":49}},{"start":{"line":50,"column":53},"end":{"line":50,"column":72}}]},"7":{"line":64,"type":"switch","locations":[{"start":{"line":69,"column":4},"end":{"line":70,"column":14}},{"start":{"line":75,"column":4},"end":{"line":76,"column":14}}]},"8":{"line":85,"type":"switch","locations":[{"start":{"line":90,"column":4},"end":{"line":105,"column":14}},{"start":{"line":111,"column":4},"end":{"line":193,"column":14},"skip":true}]},"9":{"line":91,"type":"binary-expr","locations":[{"start":{"line":91,"column":42},"end":{"line":91,"column":73}},{"start":{"line":91,"column":77},"end":{"line":99,"column":9}}]},"10":{"line":102,"type":"binary-expr","locations":[{"start":{"line":102,"column":18},"end":{"line":102,"column":32}},{"start":{"line":103,"column":12},"end":{"line":103,"column":53}},{"start":{"line":104,"column":12},"end":{"line":104,"column":61}}]},"11":{"line":112,"type":"binary-expr","locations":[{"start":{"line":112,"column":45},"end":{"line":112,"column":79},"skip":true},{"start":{"line":112,"column":83},"end":{"line":121,"column":9},"skip":true}]},"12":{"line":123,"type":"binary-expr","locations":[{"start":{"line":123,"column":42},"end":{"line":123,"column":73},"skip":true},{"start":{"line":123,"column":77},"end":{"line":136,"column":9},"skip":true}]},"13":{"line":138,"type":"binary-expr","locations":[{"start":{"line":138,"column":48},"end":{"line":138,"column":85},"skip":true},{"start":{"line":139,"column":12},"end":{"line":145,"column":13},"skip":true}]},"14":{"line":147,"type":"binary-expr","locations":[{"start":{"line":147,"column":42},"end":{"line":147,"column":73},"skip":true},{"start":{"line":147,"column":77},"end":{"line":156,"column":9},"skip":true}]},"15":{"line":158,"type":"binary-expr","locations":[{"start":{"line":158,"column":45},"end":{"line":158,"column":79},"skip":true},{"start":{"line":158,"column":83},"end":{"line":167,"column":9},"skip":true}]},"16":{"line":169,"type":"binary-expr","locations":[{"start":{"line":169,"column":43},"end":{"line":169,"column":75},"skip":true},{"start":{"line":169,"column":79},"end":{"line":178,"column":9},"skip":true}]},"17":{"line":180,"type":"binary-expr","locations":[{"start":{"line":180,"column":41},"end":{"line":180,"column":71},"skip":true},{"start":{"line":180,"column":75},"end":{"line":189,"column":9},"skip":true}]}},"code":["/* istanbul instrument in package npmtest_speedtest_net */","/*jslint","    bitwise: true,","    browser: true,","    maxerr: 8,","    maxlen: 96,","    node: true,","    nomen: true,","    regexp: true,","    stupid: true","*/","(function () {","    'use strict';","    var local;","","","","    // run shared js-env code - pre-init","    (function () {","        // init local","        local = {};","        // init modeJs","        local.modeJs = (function () {","            try {","                return typeof navigator.userAgent === 'string' &&","                    typeof document.querySelector('body') === 'object' &&","                    typeof XMLHttpRequest.prototype.open === 'function' &&","                    'browser';","            } catch (errorCaughtBrowser) {","                return module.exports &&","                    typeof process.versions.node === 'string' &&","                    typeof require('http').createServer === 'function' &&","                    'node';","            }","        }());","        // init global","        local.global = local.modeJs === 'browser'","            ? window","            : global;","        switch (local.modeJs) {","        // re-init local from window.local","        case 'browser':","            local = local.global.utility2.objectSetDefault(","                local.global.utility2_rollup || local.global.local,","                local.global.utility2","            );","            break;","        // re-init local from example.js","        case 'node':","            local = (local.global.utility2_rollup || require('utility2'))","                .requireReadme();","            break;","        }","        // export local","        local.global.local = local;","    }());","","","","    // run shared js-env code - function","    (function () {","        return;","    }());","    switch (local.modeJs) {","","","","    // run browser js-env code - function","    case 'browser':","        break;","","","","    // run node js-env code - function","    case 'node':","        break;","    }","","","","    // run shared js-env code - post-init","    (function () {","        return;","    }());","    switch (local.modeJs) {","","","","    // run browser js-env code - post-init","    case 'browser':","        local.testCase_browser_nullCase = local.testCase_browser_nullCase || function (","            options,","            onError","        ) {","        /*","         * this function will test browsers's null-case handling-behavior-behavior","         */","            onError(null, options);","        };","","        // run tests","        local.nop(local.modeTest &&","            document.querySelector('#testRunButton1') &&","            document.querySelector('#testRunButton1').click());","        break;","","","","    // run node js-env code - post-init","    /* istanbul ignore next */","    case 'node':","        local.testCase_buildApidoc_default = local.testCase_buildApidoc_default || function (","            options,","            onError","        ) {","        /*","         * this function will test buildApidoc's default handling-behavior-behavior","         */","            options = { modulePathList: module.paths };","            local.buildApidoc(options, onError);","        };","","        local.testCase_buildApp_default = local.testCase_buildApp_default || function (","            options,","            onError","        ) {","        /*","         * this function will test buildApp's default handling-behavior-behavior","         */","            local.testCase_buildReadme_default(options, local.onErrorThrow);","            local.testCase_buildLib_default(options, local.onErrorThrow);","            local.testCase_buildTest_default(options, local.onErrorThrow);","            local.testCase_buildCustomOrg_default(options, local.onErrorThrow);","            options = [];","            local.buildApp(options, onError);","        };","","        local.testCase_buildCustomOrg_default = local.testCase_buildCustomOrg_default ||","            function (options, onError) {","            /*","             * this function will test buildCustomOrg's default handling-behavior","             */","                options = {};","                local.buildCustomOrg(options, onError);","            };","","        local.testCase_buildLib_default = local.testCase_buildLib_default || function (","            options,","            onError","        ) {","        /*","         * this function will test buildLib's default handling-behavior","         */","            options = {};","            local.buildLib(options, onError);","        };","","        local.testCase_buildReadme_default = local.testCase_buildReadme_default || function (","            options,","            onError","        ) {","        /*","         * this function will test buildReadme's default handling-behavior-behavior","         */","            options = {};","            local.buildReadme(options, onError);","        };","","        local.testCase_buildTest_default = local.testCase_buildTest_default || function (","            options,","            onError","        ) {","        /*","         * this function will test buildTest's default handling-behavior","         */","            options = {};","            local.buildTest(options, onError);","        };","","        local.testCase_webpage_default = local.testCase_webpage_default || function (","            options,","            onError","        ) {","        /*","         * this function will test webpage's default handling-behavior","         */","            options = { modeCoverageMerge: true, url: local.serverLocalHost + '?modeTest=1' };","            local.browserTest(options, onError);","        };","","        // run test-server","        local.testRunServer(local);","        break;","    }","}());",""],"l":{"12":2,"14":2,"19":2,"21":2,"23":2,"24":2,"25":2,"30":1,"37":2,"40":2,"43":1,"47":1,"50":1,"52":1,"55":2,"61":2,"62":2,"64":2,"70":1,"76":1,"82":2,"83":2,"85":2,"91":1,"98":1,"102":1,"105":1,"112":1,"119":1,"120":1,"123":1,"130":1,"131":1,"132":1,"133":1,"134":1,"135":1,"138":1,"143":2,"144":2,"147":1,"154":2,"155":2,"158":1,"165":2,"166":2,"169":1,"176":2,"177":2,"180":1,"187":1,"188":1,"192":1,"193":1}},"/home/travis/build/npmtest/node-npmtest-speedtest-net/lib.npmtest_speedtest_net.js":{"path":"/home/travis/build/npmtest/node-npmtest-speedtest-net/lib.npmtest_speedtest_net.js","s":{"1":2,"2":2,"3":2,"4":2,"5":2,"6":2,"7":2,"8":1,"9":2,"10":2,"11":2,"12":2,"13":1,"14":1,"15":1,"16":1},"b":{"1":[2,1,1,1],"2":[1,1,1,1],"3":[1,1],"4":[2,2],"5":[1,1]},"f":{"1":2,"2":2,"3":2},"fnMap":{"1":{"name":"(anonymous_1)","line":12,"loc":{"start":{"line":12,"column":1},"end":{"line":12,"column":13}}},"2":{"name":"(anonymous_2)","line":19,"loc":{"start":{"line":19,"column":5},"end":{"line":19,"column":17}}},"3":{"name":"(anonymous_3)","line":23,"loc":{"start":{"line":23,"column":24},"end":{"line":23,"column":36}}}},"statementMap":{"1":{"start":{"line":12,"column":0},"end":{"line":53,"column":5}},"2":{"start":{"line":14,"column":4},"end":{"line":14,"column":14}},"3":{"start":{"line":19,"column":4},"end":{"line":52,"column":9}},"4":{"start":{"line":21,"column":8},"end":{"line":21,"column":19}},"5":{"start":{"line":23,"column":8},"end":{"line":35,"column":13}},"6":{"start":{"line":24,"column":12},"end":{"line":34,"column":13}},"7":{"start":{"line":25,"column":16},"end":{"line":28,"column":30}},"8":{"start":{"line":30,"column":16},"end":{"line":33,"column":27}},"9":{"start":{"line":37,"column":8},"end":{"line":39,"column":21}},"10":{"start":{"line":41,"column":8},"end":{"line":41,"column":54}},"11":{"start":{"line":43,"column":8},"end":{"line":43,"column":58}},"12":{"start":{"line":45,"column":8},"end":{"line":51,"column":9}},"13":{"start":{"line":46,"column":12},"end":{"line":46,"column":64}},"14":{"start":{"line":48,"column":12},"end":{"line":48,"column":35}},"15":{"start":{"line":49,"column":12},"end":{"line":49,"column":49}},"16":{"start":{"line":50,"column":12},"end":{"line":50,"column":43}}},"branchMap":{"1":{"line":25,"type":"binary-expr","locations":[{"start":{"line":25,"column":23},"end":{"line":25,"column":62}},{"start":{"line":26,"column":20},"end":{"line":26,"column":70}},{"start":{"line":27,"column":20},"end":{"line":27,"column":71}},{"start":{"line":28,"column":20},"end":{"line":28,"column":29}}]},"2":{"line":30,"type":"binary-expr","locations":[{"start":{"line":30,"column":23},"end":{"line":30,"column":37}},{"start":{"line":31,"column":20},"end":{"line":31,"column":61}},{"start":{"line":32,"column":20},"end":{"line":32,"column":70}},{"start":{"line":33,"column":20},"end":{"line":33,"column":26}}]},"3":{"line":37,"type":"cond-expr","locations":[{"start":{"line":38,"column":14},"end":{"line":38,"column":20}},{"start":{"line":39,"column":14},"end":{"line":39,"column":20}}]},"4":{"line":41,"type":"binary-expr","locations":[{"start":{"line":41,"column":16},"end":{"line":41,"column":44}},{"start":{"line":41,"column":48},"end":{"line":41,"column":53}}]},"5":{"line":45,"type":"if","locations":[{"start":{"line":45,"column":8},"end":{"line":45,"column":8}},{"start":{"line":45,"column":8},"end":{"line":45,"column":8}}]}},"code":["/* istanbul instrument in package npmtest_speedtest_net */","/*jslint","    bitwise: true,","    browser: true,","    maxerr: 8,","    maxlen: 96,","    node: true,","    nomen: true,","    regexp: true,","    stupid: true","*/","(function () {","    'use strict';","    var local;","","","","    // run shared js-env code - pre-init","    (function () {","        // init local","        local = {};","        // init modeJs","        local.modeJs = (function () {","            try {","                return typeof navigator.userAgent === 'string' &&","                    typeof document.querySelector('body') === 'object' &&","                    typeof XMLHttpRequest.prototype.open === 'function' &&","                    'browser';","            } catch (errorCaughtBrowser) {","                return module.exports &&","                    typeof process.versions.node === 'string' &&","                    typeof require('http').createServer === 'function' &&","                    'node';","            }","        }());","        // init global","        local.global = local.modeJs === 'browser'","            ? window","            : global;","        // init utility2_rollup","        local = local.global.utility2_rollup || local;","        // init lib","        local.local = local.npmtest_speedtest_net = local;","        // init exports","        if (local.modeJs === 'browser') {","            local.global.utility2_npmtest_speedtest_net = local;","        } else {","            module.exports = local;","            module.exports.__dirname = __dirname;","            module.exports.module = module;","        }","    }());","}());",""],"l":{"12":2,"14":2,"19":2,"21":2,"23":2,"24":2,"25":2,"30":1,"37":2,"41":2,"43":2,"45":2,"46":1,"48":1,"49":1,"50":1}},"/home/travis/build/npmtest/node-npmtest-speedtest-net/example.js":{"path":"/home/travis/build/npmtest/node-npmtest-speedtest-net/example.js","s":{"1":2,"2":2,"3":2,"4":2,"5":2,"6":2,"7":2,"8":1,"9":2,"10":2,"11":2,"12":2,"13":1,"14":2,"15":2,"16":2,"17":2,"18":2,"19":0,"20":2,"21":1,"22":1,"23":1,"24":1,"25":1,"26":0,"27":0,"28":1,"29":1,"30":2,"31":0,"32":0,"33":0,"34":1,"35":2,"36":2,"37":3,"38":3,"39":3,"40":3,"41":0,"42":3,"43":3,"44":3,"45":1,"46":3,"47":1,"48":1,"49":1,"50":1,"51":1,"52":1,"53":1,"54":1,"55":1,"56":1,"57":0,"58":1,"59":6,"60":6,"61":1,"62":2,"63":0,"64":2,"65":1,"66":1,"67":0,"68":0,"69":0,"70":0,"71":0,"72":0,"73":0,"74":0,"75":0,"76":0,"77":0,"78":0,"79":0,"80":0,"81":0,"82":0,"83":0},"b":{"1":[2,1,1,1],"2":[1,1,1,1],"3":[1,1],"4":[2,2],"5":[1,1],"6":[1,1],"7":[2,0],"8":[2,1,1,1,1,1],"9":[0,2,0],"10":[1,1],"11":[2,1,1],"12":[1,0],"13":[0,2],"14":[2,0,0,0,0,0,0],"15":[0,3],"16":[3,0],"17":[1,1],"18":[0,1],"19":[1,2,0,2],"20":[1,0],"21":[1,1],"22":[0,0],"23":[0,0],"24":[0,0],"25":[0,0],"26":[0,0],"27":[0,0],"28":[0,0]},"f":{"1":2,"2":2,"3":2,"4":2,"5":2,"6":2,"7":3,"8":3,"9":3,"10":1,"11":6,"12":0},"fnMap":{"1":{"name":"(anonymous_1)","line":26,"loc":{"start":{"line":26,"column":1},"end":{"line":26,"column":13}}},"2":{"name":"(anonymous_2)","line":33,"loc":{"start":{"line":33,"column":5},"end":{"line":33,"column":17}}},"3":{"name":"(anonymous_3)","line":37,"loc":{"start":{"line":37,"column":24},"end":{"line":37,"column":36}}},"4":{"name":"(anonymous_4)","line":69,"loc":{"start":{"line":69,"column":31},"end":{"line":69,"column":48}},"skip":true},"5":{"name":"(anonymous_5)","line":78,"loc":{"start":{"line":78,"column":26},"end":{"line":78,"column":45}},"skip":true},"6":{"name":"(anonymous_6)","line":123,"loc":{"start":{"line":123,"column":33},"end":{"line":123,"column":48}},"skip":true},"7":{"name":"(anonymous_7)","line":125,"loc":{"start":{"line":125,"column":27},"end":{"line":125,"column":39}},"skip":true},"8":{"name":"(anonymous_8)","line":133,"loc":{"start":{"line":133,"column":59},"end":{"line":133,"column":74}},"skip":true},"9":{"name":"(anonymous_9)","line":143,"loc":{"start":{"line":143,"column":45},"end":{"line":143,"column":62}},"skip":true},"10":{"name":"(anonymous_10)","line":144,"loc":{"start":{"line":144,"column":73},"end":{"line":144,"column":92}},"skip":true},"11":{"name":"(anonymous_11)","line":272,"loc":{"start":{"line":272,"column":51},"end":{"line":272,"column":77}},"skip":true},"12":{"name":"(anonymous_12)","line":315,"loc":{"start":{"line":315,"column":32},"end":{"line":315,"column":61}},"skip":true}},"statementMap":{"1":{"start":{"line":26,"column":0},"end":{"line":326,"column":5}},"2":{"start":{"line":28,"column":4},"end":{"line":28,"column":14}},"3":{"start":{"line":33,"column":4},"end":{"line":60,"column":9}},"4":{"start":{"line":35,"column":8},"end":{"line":35,"column":19}},"5":{"start":{"line":37,"column":8},"end":{"line":49,"column":13}},"6":{"start":{"line":38,"column":12},"end":{"line":48,"column":13}},"7":{"start":{"line":39,"column":16},"end":{"line":42,"column":30}},"8":{"start":{"line":44,"column":16},"end":{"line":47,"column":27}},"9":{"start":{"line":51,"column":8},"end":{"line":53,"column":21}},"10":{"start":{"line":55,"column":8},"end":{"line":57,"column":45}},"11":{"start":{"line":59,"column":8},"end":{"line":59,"column":35}},"12":{"start":{"line":61,"column":4},"end":{"line":325,"column":5}},"13":{"start":{"line":69,"column":8},"end":{"line":121,"column":10},"skip":true},"14":{"start":{"line":70,"column":12},"end":{"line":88,"column":13},"skip":true},"15":{"start":{"line":76,"column":16},"end":{"line":87,"column":19},"skip":true},"16":{"start":{"line":79,"column":20},"end":{"line":86,"column":21},"skip":true},"17":{"start":{"line":82,"column":24},"end":{"line":82,"column":43},"skip":true},"18":{"start":{"line":83,"column":24},"end":{"line":83,"column":30},"skip":true},"19":{"start":{"line":85,"column":24},"end":{"line":85,"column":49},"skip":true},"20":{"start":{"line":89,"column":12},"end":{"line":107,"column":13},"skip":true},"21":{"start":{"line":92,"column":16},"end":{"line":102,"column":17},"skip":true},"22":{"start":{"line":93,"column":20},"end":{"line":93,"column":86},"skip":true},"23":{"start":{"line":94,"column":20},"end":{"line":95,"column":45},"skip":true},"24":{"start":{"line":96,"column":20},"end":{"line":96,"column":42},"skip":true},"25":{"start":{"line":97,"column":20},"end":{"line":97,"column":48},"skip":true},"26":{"start":{"line":100,"column":20},"end":{"line":100,"column":85},"skip":true},"27":{"start":{"line":101,"column":20},"end":{"line":101,"column":96},"skip":true},"28":{"start":{"line":103,"column":16},"end":{"line":103,"column":22},"skip":true},"29":{"start":{"line":106,"column":16},"end":{"line":106,"column":22},"skip":true},"30":{"start":{"line":108,"column":12},"end":{"line":120,"column":13},"skip":true},"31":{"start":{"line":114,"column":16},"end":{"line":119,"column":17},"skip":true},"32":{"start":{"line":116,"column":20},"end":{"line":116,"column":78},"skip":true},"33":{"start":{"line":118,"column":20},"end":{"line":118,"column":47},"skip":true},"34":{"start":{"line":123,"column":8},"end":{"line":141,"column":11},"skip":true},"35":{"start":{"line":124,"column":12},"end":{"line":124,"column":54},"skip":true},"36":{"start":{"line":125,"column":12},"end":{"line":140,"column":14},"skip":true},"37":{"start":{"line":126,"column":16},"end":{"line":126,"column":28},"skip":true},"38":{"start":{"line":127,"column":16},"end":{"line":127,"column":69},"skip":true},"39":{"start":{"line":128,"column":16},"end":{"line":128,"column":75},"skip":true},"40":{"start":{"line":129,"column":16},"end":{"line":131,"column":17},"skip":true},"41":{"start":{"line":130,"column":20},"end":{"line":130,"column":27},"skip":true},"42":{"start":{"line":133,"column":16},"end":{"line":137,"column":36},"skip":true},"43":{"start":{"line":134,"column":20},"end":{"line":136,"column":55},"skip":true},"44":{"start":{"line":139,"column":16},"end":{"line":139,"column":57},"skip":true},"45":{"start":{"line":143,"column":8},"end":{"line":147,"column":11},"skip":true},"46":{"start":{"line":144,"column":12},"end":{"line":146,"column":15},"skip":true},"47":{"start":{"line":145,"column":16},"end":{"line":145,"column":70},"skip":true},"48":{"start":{"line":149,"column":8},"end":{"line":149,"column":31},"skip":true},"49":{"start":{"line":150,"column":8},"end":{"line":150,"column":14},"skip":true},"50":{"start":{"line":158,"column":8},"end":{"line":158,"column":31},"skip":true},"51":{"start":{"line":160,"column":8},"end":{"line":160,"column":33},"skip":true},"52":{"start":{"line":161,"column":8},"end":{"line":161,"column":37},"skip":true},"53":{"start":{"line":162,"column":8},"end":{"line":162,"column":35},"skip":true},"54":{"start":{"line":164,"column":8},"end":{"line":164,"column":50},"skip":true},"55":{"start":{"line":166,"column":8},"end":{"line":256,"column":2},"skip":true},"56":{"start":{"line":258,"column":8},"end":{"line":286,"column":9},"skip":true},"57":{"start":{"line":259,"column":12},"end":{"line":269,"column":14},"skip":true},"58":{"start":{"line":271,"column":12},"end":{"line":285,"column":19},"skip":true},"59":{"start":{"line":274,"column":20},"end":{"line":274,"column":35},"skip":true},"60":{"start":{"line":275,"column":20},"end":{"line":284,"column":21},"skip":true},"61":{"start":{"line":277,"column":24},"end":{"line":277,"column":64},"skip":true},"62":{"start":{"line":279,"column":24},"end":{"line":279,"column":40},"skip":true},"63":{"start":{"line":281,"column":24},"end":{"line":281,"column":40},"skip":true},"64":{"start":{"line":283,"column":24},"end":{"line":283,"column":39},"skip":true},"65":{"start":{"line":288,"column":8},"end":{"line":290,"column":9},"skip":true},"66":{"start":{"line":289,"column":12},"end":{"line":289,"column":18},"skip":true},"67":{"start":{"line":291,"column":8},"end":{"line":293,"column":54},"skip":true},"68":{"start":{"line":296,"column":8},"end":{"line":301,"column":37},"skip":true},"69":{"start":{"line":303,"column":8},"end":{"line":303,"column":82},"skip":true},"70":{"start":{"line":306,"column":8},"end":{"line":308,"column":9},"skip":true},"71":{"start":{"line":307,"column":12},"end":{"line":307,"column":82},"skip":true},"72":{"start":{"line":310,"column":8},"end":{"line":312,"column":9},"skip":true},"73":{"start":{"line":311,"column":12},"end":{"line":311,"column":18},"skip":true},"74":{"start":{"line":313,"column":8},"end":{"line":313,"column":54},"skip":true},"75":{"start":{"line":314,"column":8},"end":{"line":314,"column":69},"skip":true},"76":{"start":{"line":315,"column":8},"end":{"line":323,"column":36},"skip":true},"77":{"start":{"line":316,"column":12},"end":{"line":316,"column":61},"skip":true},"78":{"start":{"line":317,"column":12},"end":{"line":320,"column":13},"skip":true},"79":{"start":{"line":318,"column":16},"end":{"line":318,"column":75},"skip":true},"80":{"start":{"line":319,"column":16},"end":{"line":319,"column":23},"skip":true},"81":{"start":{"line":321,"column":12},"end":{"line":321,"column":38},"skip":true},"82":{"start":{"line":322,"column":12},"end":{"line":322,"column":27},"skip":true},"83":{"start":{"line":324,"column":8},"end":{"line":324,"column":14},"skip":true}},"branchMap":{"1":{"line":39,"type":"binary-expr","locations":[{"start":{"line":39,"column":23},"end":{"line":39,"column":62}},{"start":{"line":40,"column":20},"end":{"line":40,"column":70}},{"start":{"line":41,"column":20},"end":{"line":41,"column":71}},{"start":{"line":42,"column":20},"end":{"line":42,"column":29}}]},"2":{"line":44,"type":"binary-expr","locations":[{"start":{"line":44,"column":23},"end":{"line":44,"column":37}},{"start":{"line":45,"column":20},"end":{"line":45,"column":61}},{"start":{"line":46,"column":20},"end":{"line":46,"column":70}},{"start":{"line":47,"column":20},"end":{"line":47,"column":26}}]},"3":{"line":51,"type":"cond-expr","locations":[{"start":{"line":52,"column":14},"end":{"line":52,"column":20}},{"start":{"line":53,"column":14},"end":{"line":53,"column":20}}]},"4":{"line":55,"type":"binary-expr","locations":[{"start":{"line":55,"column":16},"end":{"line":55,"column":44}},{"start":{"line":55,"column":49},"end":{"line":57,"column":43}}]},"5":{"line":55,"type":"cond-expr","locations":[{"start":{"line":56,"column":14},"end":{"line":56,"column":57}},{"start":{"line":57,"column":14},"end":{"line":57,"column":43}}]},"6":{"line":61,"type":"switch","locations":[{"start":{"line":68,"column":4},"end":{"line":150,"column":14},"skip":true},{"start":{"line":156,"column":4},"end":{"line":324,"column":14},"skip":true}]},"7":{"line":70,"type":"if","locations":[{"start":{"line":70,"column":12},"end":{"line":70,"column":12},"skip":true},{"start":{"line":70,"column":12},"end":{"line":70,"column":12},"skip":true}]},"8":{"line":70,"type":"binary-expr","locations":[{"start":{"line":70,"column":16},"end":{"line":70,"column":22},"skip":true},{"start":{"line":70,"column":27},"end":{"line":70,"column":32},"skip":true},{"start":{"line":71,"column":20},"end":{"line":71,"column":39},"skip":true},{"start":{"line":72,"column":20},"end":{"line":72,"column":49},"skip":true},{"start":{"line":73,"column":20},"end":{"line":73,"column":58},"skip":true},{"start":{"line":74,"column":20},"end":{"line":74,"column":69},"skip":true}]},"9":{"line":79,"type":"switch","locations":[{"start":{"line":80,"column":20},"end":{"line":80,"column":33},"skip":true},{"start":{"line":81,"column":20},"end":{"line":83,"column":30},"skip":true},{"start":{"line":84,"column":20},"end":{"line":85,"column":49},"skip":true}]},"10":{"line":89,"type":"switch","locations":[{"start":{"line":90,"column":12},"end":{"line":103,"column":22},"skip":true},{"start":{"line":105,"column":12},"end":{"line":106,"column":22},"skip":true}]},"11":{"line":89,"type":"binary-expr","locations":[{"start":{"line":89,"column":20},"end":{"line":89,"column":25},"skip":true},{"start":{"line":89,"column":29},"end":{"line":89,"column":48},"skip":true},{"start":{"line":89,"column":52},"end":{"line":89,"column":74},"skip":true}]},"12":{"line":92,"type":"if","locations":[{"start":{"line":92,"column":16},"end":{"line":92,"column":16},"skip":true},{"start":{"line":92,"column":16},"end":{"line":92,"column":16},"skip":true}]},"13":{"line":108,"type":"if","locations":[{"start":{"line":108,"column":12},"end":{"line":108,"column":12},"skip":true},{"start":{"line":108,"column":12},"end":{"line":108,"column":12},"skip":true}]},"14":{"line":108,"type":"binary-expr","locations":[{"start":{"line":108,"column":16},"end":{"line":108,"column":61},"skip":true},{"start":{"line":108,"column":66},"end":{"line":108,"column":72},"skip":true},{"start":{"line":108,"column":77},"end":{"line":108,"column":82},"skip":true},{"start":{"line":109,"column":20},"end":{"line":109,"column":39},"skip":true},{"start":{"line":110,"column":20},"end":{"line":110,"column":49},"skip":true},{"start":{"line":111,"column":20},"end":{"line":111,"column":58},"skip":true},{"start":{"line":112,"column":20},"end":{"line":112,"column":68},"skip":true}]},"15":{"line":129,"type":"if","locations":[{"start":{"line":129,"column":16},"end":{"line":129,"column":16},"skip":true},{"start":{"line":129,"column":16},"end":{"line":129,"column":16},"skip":true}]},"16":{"line":134,"type":"cond-expr","locations":[{"start":{"line":135,"column":26},"end":{"line":135,"column":29},"skip":true},{"start":{"line":136,"column":26},"end":{"line":136,"column":54},"skip":true}]},"17":{"line":164,"type":"binary-expr","locations":[{"start":{"line":164,"column":27},"end":{"line":164,"column":43},"skip":true},{"start":{"line":164,"column":47},"end":{"line":164,"column":49},"skip":true}]},"18":{"line":258,"type":"if","locations":[{"start":{"line":258,"column":8},"end":{"line":258,"column":8},"skip":true},{"start":{"line":258,"column":8},"end":{"line":258,"column":8},"skip":true}]},"19":{"line":275,"type":"switch","locations":[{"start":{"line":276,"column":20},"end":{"line":277,"column":64},"skip":true},{"start":{"line":278,"column":20},"end":{"line":279,"column":40},"skip":true},{"start":{"line":280,"column":20},"end":{"line":281,"column":40},"skip":true},{"start":{"line":282,"column":20},"end":{"line":283,"column":39},"skip":true}]},"20":{"line":288,"type":"if","locations":[{"start":{"line":288,"column":8},"end":{"line":288,"column":8},"skip":true},{"start":{"line":288,"column":8},"end":{"line":288,"column":8},"skip":true}]},"21":{"line":288,"type":"binary-expr","locations":[{"start":{"line":288,"column":12},"end":{"line":288,"column":40},"skip":true},{"start":{"line":288,"column":44},"end":{"line":288,"column":67},"skip":true}]},"22":{"line":292,"type":"binary-expr","locations":[{"start":{"line":292,"column":12},"end":{"line":292,"column":50},"skip":true},{"start":{"line":293,"column":12},"end":{"line":293,"column":53},"skip":true}]},"23":{"line":297,"type":"binary-expr","locations":[{"start":{"line":297,"column":12},"end":{"line":297,"column":71},"skip":true},{"start":{"line":298,"column":12},"end":{"line":301,"column":36},"skip":true}]},"24":{"line":303,"type":"binary-expr","locations":[{"start":{"line":303,"column":43},"end":{"line":303,"column":75},"skip":true},{"start":{"line":303,"column":79},"end":{"line":303,"column":81},"skip":true}]},"25":{"line":306,"type":"if","locations":[{"start":{"line":306,"column":8},"end":{"line":306,"column":8},"skip":true},{"start":{"line":306,"column":8},"end":{"line":306,"column":8},"skip":true}]},"26":{"line":310,"type":"if","locations":[{"start":{"line":310,"column":8},"end":{"line":310,"column":8},"skip":true},{"start":{"line":310,"column":8},"end":{"line":310,"column":8},"skip":true}]},"27":{"line":313,"type":"binary-expr","locations":[{"start":{"line":313,"column":27},"end":{"line":313,"column":43},"skip":true},{"start":{"line":313,"column":47},"end":{"line":313,"column":53},"skip":true}]},"28":{"line":317,"type":"if","locations":[{"start":{"line":317,"column":12},"end":{"line":317,"column":12},"skip":true},{"start":{"line":317,"column":12},"end":{"line":317,"column":12},"skip":true}]}},"code":["/*","example.js","","quickstart example","","instruction","    1. save this script as example.js","    2. run the shell command:","        $ npm install npmtest-speedtest-net && PORT=8081 node example.js","    3. play with the browser-demo on http://127.0.0.1:8081","*/","","","","/* istanbul instrument in package npmtest_speedtest_net */","/*jslint","    bitwise: true,","    browser: true,","    maxerr: 8,","    maxlen: 96,","    node: true,","    nomen: true,","    regexp: true,","    stupid: true","*/","(function () {","    'use strict';","    var local;","","","","    // run shared js-env code - pre-init","    (function () {","        // init local","        local = {};","        // init modeJs","        local.modeJs = (function () {","            try {","                return typeof navigator.userAgent === 'string' &&","                    typeof document.querySelector('body') === 'object' &&","                    typeof XMLHttpRequest.prototype.open === 'function' &&","                    'browser';","            } catch (errorCaughtBrowser) {","                return module.exports &&","                    typeof process.versions.node === 'string' &&","                    typeof require('http').createServer === 'function' &&","                    'node';","            }","        }());","        // init global","        local.global = local.modeJs === 'browser'","            ? window","            : global;","        // init utility2_rollup","        local = local.global.utility2_rollup || (local.modeJs === 'browser'","            ? local.global.utility2_npmtest_speedtest_net","            : global.utility2_moduleExports);","        // export local","        local.global.local = local;","    }());","    switch (local.modeJs) {","","","","    // post-init","    // run browser js-env code - post-init","    /* istanbul ignore next */","    case 'browser':","        local.testRunBrowser = function (event) {","            if (!event || (event &&","                    event.currentTarget &&","                    event.currentTarget.className &&","                    event.currentTarget.className.includes &&","                    event.currentTarget.className.includes('onreset'))) {","                // reset output","                Array.from(","                    document.querySelectorAll('body > .resettable')","                ).forEach(function (element) {","                    switch (element.tagName) {","                    case 'INPUT':","                    case 'TEXTAREA':","                        element.value = '';","                        break;","                    default:","                        element.textContent = '';","                    }","                });","            }","            switch (event && event.currentTarget && event.currentTarget.id) {","            case 'testRunButton1':","                // show tests","                if (document.querySelector('#testReportDiv1').style.display === 'none') {","                    document.querySelector('#testReportDiv1').style.display = 'block';","                    document.querySelector('#testRunButton1').textContent =","                        'hide internal test';","                    local.modeTest = true;","                    local.testRunDefault(local);","                // hide tests","                } else {","                    document.querySelector('#testReportDiv1').style.display = 'none';","                    document.querySelector('#testRunButton1').textContent = 'run internal test';","                }","                break;","            // custom-case","            default:","                break;","            }","            if (document.querySelector('#inputTextareaEval1') && (!event || (event &&","                    event.currentTarget &&","                    event.currentTarget.className &&","                    event.currentTarget.className.includes &&","                    event.currentTarget.className.includes('oneval')))) {","                // try to eval input-code","                try {","                    /*jslint evil: true*/","                    eval(document.querySelector('#inputTextareaEval1').value);","                } catch (errorCaught) {","                    console.error(errorCaught);","                }","            }","        };","        // log stderr and stdout to #outputTextareaStdout1","        ['error', 'log'].forEach(function (key) {","            console[key + '_original'] = console[key];","            console[key] = function () {","                var element;","                console[key + '_original'].apply(console, arguments);","                element = document.querySelector('#outputTextareaStdout1');","                if (!element) {","                    return;","                }","                // append text to #outputTextareaStdout1","                element.value += Array.from(arguments).map(function (arg) {","                    return typeof arg === 'string'","                        ? arg","                        : JSON.stringify(arg, null, 4);","                }).join(' ') + '\\n';","                // scroll textarea to bottom","                element.scrollTop = element.scrollHeight;","            };","        });","        // init event-handling","        ['change', 'click', 'keyup'].forEach(function (event) {","            Array.from(document.querySelectorAll('.on' + event)).forEach(function (element) {","                element.addEventListener(event, local.testRunBrowser);","            });","        });","        // run tests","        local.testRunBrowser();","        break;","","","","    // run node js-env code - post-init","    /* istanbul ignore next */","    case 'node':","        // export local","        module.exports = local;","        // require modules","        local.fs = require('fs');","        local.http = require('http');","        local.url = require('url');","        // init assets","        local.assetsDict = local.assetsDict || {};","        /* jslint-ignore-begin */","        local.assetsDict['/assets.index.template.html'] = '\\","<!doctype html>\\n\\","<html lang=\"en\">\\n\\","<head>\\n\\","<meta charset=\"UTF-8\">\\n\\","<meta name=\"viewport\" content=\"width=device-width, initial-scale=1\">\\n\\","<title>{{env.npm_package_name}} (v{{env.npm_package_version}})</title>\\n\\","<style>\\n\\","/*csslint\\n\\","    box-sizing: false,\\n\\","    universal-selector: false\\n\\","*/\\n\\","* {\\n\\","    box-sizing: border-box;\\n\\","}\\n\\","body {\\n\\","    background: #dde;\\n\\","    font-family: Arial, Helvetica, sans-serif;\\n\\","    margin: 2rem;\\n\\","}\\n\\","body > * {\\n\\","    margin-bottom: 1rem;\\n\\","}\\n\\",".utility2FooterDiv {\\n\\","    margin-top: 20px;\\n\\","    text-align: center;\\n\\","}\\n\\","</style>\\n\\","<style>\\n\\","/*csslint\\n\\","*/\\n\\","textarea {\\n\\","    font-family: monospace;\\n\\","    height: 10rem;\\n\\","    width: 100%;\\n\\","}\\n\\","textarea[readonly] {\\n\\","    background: #ddd;\\n\\","}\\n\\","</style>\\n\\","</head>\\n\\","<body>\\n\\","<!-- utility2-comment\\n\\","<div id=\"ajaxProgressDiv1\" style=\"background: #d00; height: 2px; left: 0; margin: 0; padding: 0; position: fixed; top: 0; transition: background 0.5s, width 1.5s; width: 25%;\"></div>\\n\\","utility2-comment -->\\n\\","<h1>\\n\\","<!-- utility2-comment\\n\\","    <a\\n\\","        {{#if env.npm_package_homepage}}\\n\\","        href=\"{{env.npm_package_homepage}}\"\\n\\","        {{/if env.npm_package_homepage}}\\n\\","        target=\"_blank\"\\n\\","    >\\n\\","utility2-comment -->\\n\\","        {{env.npm_package_name}} (v{{env.npm_package_version}})\\n\\","<!-- utility2-comment\\n\\","    </a>\\n\\","utility2-comment -->\\n\\","</h1>\\n\\","<h3>{{env.npm_package_description}}</h3>\\n\\","<!-- utility2-comment\\n\\","<h4><a download href=\"assets.app.js\">download standalone app</a></h4>\\n\\","<button class=\"onclick onreset\" id=\"testRunButton1\">run internal test</button><br>\\n\\","<div id=\"testReportDiv1\" style=\"display: none;\"></div>\\n\\","utility2-comment -->\\n\\","\\n\\","\\n\\","\\n\\","<label>stderr and stdout</label>\\n\\","<textarea class=\"resettable\" id=\"outputTextareaStdout1\" readonly></textarea>\\n\\","<!-- utility2-comment\\n\\","{{#if isRollup}}\\n\\","<script src=\"assets.app.js\"></script>\\n\\","{{#unless isRollup}}\\n\\","utility2-comment -->\\n\\","<script src=\"assets.utility2.rollup.js\"></script>\\n\\","<script src=\"jsonp.utility2._stateInit?callback=window.utility2._stateInit\"></script>\\n\\","<script src=\"assets.npmtest_speedtest_net.rollup.js\"></script>\\n\\","<script src=\"assets.example.js\"></script>\\n\\","<script src=\"assets.test.js\"></script>\\n\\","<!-- utility2-comment\\n\\","{{/if isRollup}}\\n\\","utility2-comment -->\\n\\","<div class=\"utility2FooterDiv\">\\n\\","    [ this app was created with\\n\\","    <a href=\"https://github.com/kaizhu256/node-utility2\" target=\"_blank\">utility2</a>\\n\\","    ]\\n\\","</div>\\n\\","</body>\\n\\","</html>\\n\\","';","        /* jslint-ignore-end */","        if (local.templateRender) {","            local.assetsDict['/'] = local.templateRender(","                local.assetsDict['/assets.index.template.html'],","                {","                    env: local.objectSetDefault(local.env, {","                        npm_package_description: 'the greatest app in the world!',","                        npm_package_name: 'my-app',","                        npm_package_nameAlias: 'my_app',","                        npm_package_version: '0.0.1'","                    })","                }","            );","        } else {","            local.assetsDict['/'] = local.assetsDict['/assets.index.template.html']","                .replace((/\\{\\{env\\.(\\w+?)\\}\\}/g), function (match0, match1) {","                    // jslint-hack","                    String(match0);","                    switch (match1) {","                    case 'npm_package_description':","                        return 'the greatest app in the world!';","                    case 'npm_package_name':","                        return 'my-app';","                    case 'npm_package_nameAlias':","                        return 'my_app';","                    case 'npm_package_version':","                        return '0.0.1';","                    }","                });","        }","        // run the cli","        if (local.global.utility2_rollup || module !== require.main) {","            break;","        }","        local.assetsDict['/assets.example.js'] =","            local.assetsDict['/assets.example.js'] ||","            local.fs.readFileSync(__filename, 'utf8');","        // bug-workaround - long $npm_package_buildCustomOrg","        /* jslint-ignore-begin */","        local.assetsDict['/assets.npmtest_speedtest_net.rollup.js'] =","            local.assetsDict['/assets.npmtest_speedtest_net.rollup.js'] ||","            local.fs.readFileSync(","                local.npmtest_speedtest_net.__dirname + '/lib.npmtest_speedtest_net.js',","                'utf8'","            ).replace((/^#!/), '//');","        /* jslint-ignore-end */","        local.assetsDict['/favicon.ico'] = local.assetsDict['/favicon.ico'] || '';","        // if $npm_config_timeout_exit exists,","        // then exit this process after $npm_config_timeout_exit ms","        if (Number(process.env.npm_config_timeout_exit)) {","            setTimeout(process.exit, Number(process.env.npm_config_timeout_exit));","        }","        // start server","        if (local.global.utility2_serverHttp1) {","            break;","        }","        process.env.PORT = process.env.PORT || '8081';","        console.error('server starting on port ' + process.env.PORT);","        local.http.createServer(function (request, response) {","            request.urlParsed = local.url.parse(request.url);","            if (local.assetsDict[request.urlParsed.pathname] !== undefined) {","                response.end(local.assetsDict[request.urlParsed.pathname]);","                return;","            }","            response.statusCode = 404;","            response.end();","        }).listen(process.env.PORT);","        break;","    }","}());",""],"l":{"26":2,"28":2,"33":2,"35":2,"37":2,"38":2,"39":2,"44":1,"51":2,"55":2,"59":2,"61":2,"69":1,"70":2,"76":2,"79":2,"82":2,"83":2,"85":1,"89":2,"92":1,"93":1,"94":1,"96":1,"97":1,"100":1,"101":1,"103":1,"106":1,"108":2,"114":1,"116":1,"118":1,"123":1,"124":2,"125":2,"126":3,"127":3,"128":3,"129":3,"130":1,"133":3,"134":3,"139":3,"143":1,"144":3,"145":1,"149":1,"150":1,"158":1,"160":1,"161":1,"162":1,"164":1,"166":1,"258":1,"259":1,"271":1,"274":6,"275":6,"277":1,"279":2,"281":1,"283":2,"288":1,"289":1,"291":1,"296":1,"303":1,"306":1,"307":1,"310":1,"311":1,"313":1,"314":1,"315":1,"316":1,"317":1,"318":1,"319":1,"321":1,"322":1,"324":1}},"/home/travis/build/npmtest/node-npmtest-speedtest-net/node_modules/speedtest-net/index.js":{"path":"/home/travis/build/npmtest/node-npmtest-speedtest-net/node_modules/speedtest-net/index.js","s":{"1":1,"2":1,"3":1,"4":47,"5":0,"6":47,"7":44,"8":44,"9":44,"10":1,"11":1,"12":23548,"13":5887,"14":5887,"15":5887,"16":5887,"17":1,"18":39,"19":17,"20":17,"21":39,"22":39,"23":39,"24":37,"25":39,"26":39,"27":39,"28":39,"29":39,"30":39,"31":0,"32":39,"33":39,"34":17,"35":39,"36":39,"37":2924,"38":2924,"39":41,"40":39,"41":37,"42":20,"43":37,"44":1,"45":0,"46":0,"47":0,"48":0,"49":0,"50":0,"51":0,"52":0,"53":0,"54":0,"55":0,"56":0,"57":0,"58":0,"59":0,"60":0,"61":0,"62":0,"63":0,"64":0,"65":0,"66":0,"67":0,"68":0,"69":1,"70":0,"71":0,"72":0,"73":0,"74":0,"75":0,"76":0,"77":0,"78":0,"79":0,"80":0,"81":0,"82":0,"83":0,"84":0,"85":0,"86":0,"87":0,"88":0,"89":0,"90":0,"91":0,"92":0,"93":1,"94":0,"95":0,"96":0,"97":0,"98":0,"99":0,"100":0,"101":0,"102":0,"103":0,"104":0,"105":1,"106":2,"107":2,"108":2,"109":0,"110":2,"111":2,"112":0,"113":2,"114":1,"115":5,"116":5,"117":1,"118":15,"119":15,"120":15,"121":0,"122":0,"123":15,"124":15,"125":0,"126":15,"127":15,"128":15,"129":15,"130":3,"131":15,"132":3,"133":15,"134":9,"135":15,"136":15,"137":5,"138":1,"139":4,"140":10,"141":5,"142":1,"143":1,"144":1,"145":5,"146":5,"147":5,"148":5,"149":5,"150":0,"151":5,"152":1,"153":4,"154":5,"155":5,"156":1,"157":9,"158":1,"159":1,"160":0,"161":1,"162":1,"163":1,"164":1,"165":1,"166":1,"167":0,"168":1,"169":1,"170":1,"171":43,"172":0,"173":43,"174":21,"175":22,"176":22,"177":22,"178":22,"179":20,"180":20,"181":20,"182":20,"183":20,"184":20,"185":20,"186":20,"187":20,"188":20,"189":0,"190":20,"191":20,"192":20,"193":20,"194":0,"195":20,"196":22,"197":1,"198":0,"199":0,"200":0,"201":0,"202":0,"203":0,"204":0,"205":0,"206":1,"207":0,"208":0,"209":0,"210":0,"211":0,"212":0,"213":0,"214":0,"215":0,"216":0,"217":0,"218":0,"219":0,"220":0,"221":0,"222":0,"223":0,"224":0,"225":0,"226":0,"227":0,"228":0,"229":0,"230":0,"231":0,"232":0,"233":0,"234":0,"235":0,"236":0,"237":1,"238":1,"239":1,"240":1,"241":1,"242":1,"243":1,"244":2,"245":2,"246":2,"247":1,"248":1,"249":1,"250":0,"251":1,"252":1,"253":4,"254":1,"255":1,"256":1,"257":1,"258":1,"259":0,"260":0,"261":1,"262":1,"263":0,"264":1,"265":0,"266":1,"267":1,"268":1,"269":1,"270":1,"271":1,"272":0,"273":1,"274":1,"275":1,"276":5887,"277":0,"278":0,"279":5887,"280":1,"281":1,"282":1,"283":1,"284":2,"285":1,"286":1,"287":1,"288":5887,"289":5887,"290":5887,"291":1,"292":65047,"293":1,"294":1,"295":0,"296":1,"297":1,"298":1,"299":1,"300":1,"301":1,"302":1,"303":0,"304":1,"305":1,"306":10,"307":10,"308":40,"309":1,"310":1,"311":0,"312":0,"313":0,"314":0,"315":0,"316":0,"317":0,"318":0,"319":0,"320":0,"321":0,"322":1,"323":0,"324":0,"325":0,"326":0,"327":0,"328":0,"329":0,"330":0,"331":0,"332":0,"333":0,"334":0,"335":1,"336":0,"337":0,"338":0,"339":0,"340":0,"341":0,"342":0,"343":0,"344":0,"345":0,"346":0,"347":0,"348":0,"349":1,"350":0,"351":0,"352":0,"353":0,"354":0,"355":0,"356":0,"357":0,"358":0,"359":0,"360":0,"361":0,"362":0,"363":1,"364":1,"365":1,"366":0,"367":0,"368":0,"369":0,"370":0,"371":0,"372":0,"373":0,"374":0,"375":0,"376":0,"377":0,"378":0,"379":0,"380":0,"381":0,"382":0,"383":0,"384":1,"385":0,"386":0,"387":0,"388":0,"389":0,"390":0,"391":0,"392":0,"393":0,"394":0,"395":0,"396":0,"397":0,"398":0,"399":0,"400":0,"401":0,"402":0,"403":0,"404":0,"405":0,"406":0,"407":0,"408":0,"409":0,"410":0,"411":0,"412":0,"413":0,"414":0,"415":0,"416":0,"417":0,"418":1},"b":{"1":[0,47],"2":[44,0],"3":[17,22],"4":[37,2],"5":[0,39],"6":[39,37],"7":[39,39],"8":[0,39],"9":[17,22],"10":[41,2883],"11":[20,17],"12":[0,0],"13":[0,0],"14":[0,0],"15":[0,0],"16":[0,0],"17":[0,0],"18":[0,0],"19":[0,0],"20":[0,0],"21":[0,0],"22":[0,0],"23":[0,0],"24":[0,2],"25":[0,2],"26":[0,15],"27":[0,15],"28":[3,12],"29":[15,15],"30":[3,12],"31":[9,6],"32":[5,10],"33":[1,4],"34":[0,5],"35":[5,0],"36":[1,4],"37":[1,4],"38":[0,1],"39":[1,0],"40":[1,0],"41":[0,43],"42":[21,22],"43":[0,20],"44":[20,0],"45":[0,20],"46":[0,0],"47":[0,0],"48":[0,0],"49":[0,0],"50":[0,0],"51":[0,0],"52":[0,0],"53":[0,0],"54":[0,0],"55":[1,0],"56":[1,0],"57":[1,1],"58":[0,1],"59":[1,1],"60":[2,2],"61":[0,1],"62":[1,1,0],"63":[4,0],"64":[4,0],"65":[4,0],"66":[0,1],"67":[0,1],"68":[0,0],"69":[0,1],"70":[0,1],"71":[1,1],"72":[0,5887],"73":[5887,0],"74":[1,1],"75":[2,2],"76":[0,1],"77":[1,1],"78":[1,1],"79":[0,1],"80":[1,1],"81":[0,0],"82":[0,0],"83":[0,0],"84":[0,0,0],"85":[0,0],"86":[0,0],"87":[0,0],"88":[0,0],"89":[0,0],"90":[0,0]},"f":{"1":47,"2":0,"3":44,"4":5887,"5":23548,"6":39,"7":39,"8":2924,"9":37,"10":0,"11":0,"12":0,"13":0,"14":0,"15":0,"16":0,"17":0,"18":0,"19":0,"20":2,"21":2,"22":2,"23":5,"24":15,"25":15,"26":15,"27":1,"28":5,"29":5,"30":9,"31":1,"32":0,"33":43,"34":20,"35":0,"36":0,"37":0,"38":0,"39":1,"40":2,"41":1,"42":4,"43":1,"44":1,"45":2,"46":65047,"47":1,"48":1,"49":0,"50":0,"51":0,"52":0,"53":0,"54":0,"55":0,"56":0,"57":0,"58":0,"59":0,"60":0,"61":0,"62":0,"63":0,"64":0,"65":0,"66":0,"67":0,"68":0,"69":0,"70":0},"fnMap":{"1":{"name":"once","line":41,"loc":{"start":{"line":41,"column":0},"end":{"line":41,"column":24}}},"2":{"name":"(anonymous_2)","line":43,"loc":{"start":{"line":43,"column":15},"end":{"line":43,"column":26}}},"3":{"name":"(anonymous_3)","line":45,"loc":{"start":{"line":45,"column":9},"end":{"line":45,"column":20}}},"4":{"name":"distance","line":53,"loc":{"start":{"line":53,"column":0},"end":{"line":53,"column":39}}},"5":{"name":"deg2rad","line":55,"loc":{"start":{"line":55,"column":2},"end":{"line":55,"column":22}}},"6":{"name":"getHttp","line":77,"loc":{"start":{"line":77,"column":0},"end":{"line":77,"column":44}}},"7":{"name":"(anonymous_7)","line":96,"loc":{"start":{"line":96,"column":20},"end":{"line":96,"column":34}}},"8":{"name":"(anonymous_8)","line":106,"loc":{"start":{"line":106,"column":19},"end":{"line":106,"column":37}}},"9":{"name":"(anonymous_9)","line":110,"loc":{"start":{"line":110,"column":18},"end":{"line":110,"column":29}}},"10":{"name":"postHttp","line":118,"loc":{"start":{"line":118,"column":0},"end":{"line":118,"column":42}}},"11":{"name":"(anonymous_11)","line":143,"loc":{"start":{"line":143,"column":30},"end":{"line":143,"column":44}}},"12":{"name":"(anonymous_12)","line":147,"loc":{"start":{"line":147,"column":19},"end":{"line":147,"column":37}}},"13":{"name":"(anonymous_13)","line":150,"loc":{"start":{"line":150,"column":18},"end":{"line":150,"column":29}}},"14":{"name":"randomPutHttp","line":161,"loc":{"start":{"line":161,"column":0},"end":{"line":161,"column":47}}},"15":{"name":"(anonymous_15)","line":188,"loc":{"start":{"line":188,"column":15},"end":{"line":188,"column":26}}},"16":{"name":"(anonymous_16)","line":198,"loc":{"start":{"line":198,"column":34},"end":{"line":198,"column":48}}},"17":{"name":"(anonymous_17)","line":201,"loc":{"start":{"line":201,"column":19},"end":{"line":201,"column":37}}},"18":{"name":"(anonymous_18)","line":204,"loc":{"start":{"line":204,"column":18},"end":{"line":204,"column":29}}},"19":{"name":"write","line":212,"loc":{"start":{"line":212,"column":2},"end":{"line":212,"column":19}}},"20":{"name":"getXML","line":232,"loc":{"start":{"line":232,"column":0},"end":{"line":232,"column":34}}},"21":{"name":"(anonymous_21)","line":236,"loc":{"start":{"line":236,"column":18},"end":{"line":236,"column":38}}},"22":{"name":"(anonymous_22)","line":238,"loc":{"start":{"line":238,"column":19},"end":{"line":238,"column":38}}},"23":{"name":"pingServer","line":246,"loc":{"start":{"line":246,"column":0},"end":{"line":246,"column":38}}},"24":{"name":"nextPing","line":254,"loc":{"start":{"line":254,"column":2},"end":{"line":254,"column":22}}},"25":{"name":"(anonymous_25)","line":259,"loc":{"start":{"line":259,"column":15},"end":{"line":259,"column":26}}},"26":{"name":"(anonymous_26)","line":266,"loc":{"start":{"line":266,"column":52},"end":{"line":266,"column":72}}},"27":{"name":"pingServers","line":287,"loc":{"start":{"line":287,"column":0},"end":{"line":287,"column":47}}},"28":{"name":"(anonymous_28)","line":294,"loc":{"start":{"line":294,"column":5},"end":{"line":294,"column":22}}},"29":{"name":"(anonymous_29)","line":297,"loc":{"start":{"line":297,"column":25},"end":{"line":297,"column":49}}},"30":{"name":"(anonymous_30)","line":308,"loc":{"start":{"line":308,"column":22},"end":{"line":308,"column":37}}},"31":{"name":"downloadSpeed","line":319,"loc":{"start":{"line":319,"column":0},"end":{"line":319,"column":48}}},"32":{"name":"(anonymous_32)","line":338,"loc":{"start":{"line":338,"column":11},"end":{"line":338,"column":22}}},"33":{"name":"next","line":345,"loc":{"start":{"line":345,"column":2},"end":{"line":345,"column":18}}},"34":{"name":"(anonymous_34)","line":356,"loc":{"start":{"line":356,"column":23},"end":{"line":356,"column":44}}},"35":{"name":"uploadSpeed","line":394,"loc":{"start":{"line":394,"column":0},"end":{"line":394,"column":52}}},"36":{"name":"(anonymous_36)","line":413,"loc":{"start":{"line":413,"column":11},"end":{"line":413,"column":22}}},"37":{"name":"next","line":420,"loc":{"start":{"line":420,"column":2},"end":{"line":420,"column":18}}},"38":{"name":"(anonymous_38)","line":431,"loc":{"start":{"line":431,"column":29},"end":{"line":431,"column":50}}},"39":{"name":"speedTest","line":473,"loc":{"start":{"line":473,"column":0},"end":{"line":473,"column":28}}},"40":{"name":"httpOpts","line":497,"loc":{"start":{"line":497,"column":2},"end":{"line":497,"column":28}}},"41":{"name":"gotConfig","line":507,"loc":{"start":{"line":507,"column":2},"end":{"line":507,"column":34}}},"42":{"name":"get","line":511,"loc":{"start":{"line":511,"column":4},"end":{"line":511,"column":23}}},"43":{"name":"nextServer","line":532,"loc":{"start":{"line":532,"column":2},"end":{"line":532,"column":27}}},"44":{"name":"gotServers","line":547,"loc":{"start":{"line":547,"column":2},"end":{"line":547,"column":36}}},"45":{"name":"gotData","line":566,"loc":{"start":{"line":566,"column":2},"end":{"line":566,"column":21}}},"46":{"name":"(anonymous_46)","line":581,"loc":{"start":{"line":581,"column":17},"end":{"line":581,"column":32}}},"47":{"name":"(anonymous_47)","line":585,"loc":{"start":{"line":585,"column":44},"end":{"line":585,"column":71}}},"48":{"name":"startDownload","line":596,"loc":{"start":{"line":596,"column":2},"end":{"line":596,"column":29}}},"49":{"name":"(anonymous_49)","line":617,"loc":{"start":{"line":617,"column":52},"end":{"line":617,"column":73}}},"50":{"name":"startUpload","line":638,"loc":{"start":{"line":638,"column":2},"end":{"line":638,"column":25}}},"51":{"name":"(anonymous_51)","line":663,"loc":{"start":{"line":663,"column":77},"end":{"line":663,"column":98}}},"52":{"name":"num","line":688,"loc":{"start":{"line":688,"column":6},"end":{"line":688,"column":25}}},"53":{"name":"postResults","line":736,"loc":{"start":{"line":736,"column":2},"end":{"line":736,"column":25}}},"54":{"name":"(anonymous_54)","line":738,"loc":{"start":{"line":738,"column":20},"end":{"line":738,"column":32}}},"55":{"name":"(anonymous_55)","line":769,"loc":{"start":{"line":769,"column":35},"end":{"line":769,"column":63}}},"56":{"name":"visualSpeedTest","line":788,"loc":{"start":{"line":788,"column":0},"end":{"line":788,"column":44}}},"57":{"name":"(anonymous_57)","line":796,"loc":{"start":{"line":796,"column":13},"end":{"line":796,"column":24}}},"58":{"name":"(anonymous_58)","line":811,"loc":{"start":{"line":811,"column":19},"end":{"line":811,"column":33}}},"59":{"name":"(anonymous_59)","line":815,"loc":{"start":{"line":815,"column":24},"end":{"line":815,"column":41}}},"60":{"name":"(anonymous_60)","line":819,"loc":{"start":{"line":819,"column":20},"end":{"line":819,"column":37}}},"61":{"name":"prog","line":828,"loc":{"start":{"line":828,"column":2},"end":{"line":828,"column":32}}},"62":{"name":"(anonymous_62)","line":853,"loc":{"start":{"line":853,"column":30},"end":{"line":853,"column":44}}},"63":{"name":"(anonymous_63)","line":857,"loc":{"start":{"line":857,"column":28},"end":{"line":857,"column":42}}},"64":{"name":"(anonymous_64)","line":861,"loc":{"start":{"line":861,"column":27},"end":{"line":861,"column":43}}},"65":{"name":"(anonymous_65)","line":868,"loc":{"start":{"line":868,"column":25},"end":{"line":868,"column":41}}},"66":{"name":"(anonymous_66)","line":875,"loc":{"start":{"line":875,"column":35},"end":{"line":875,"column":51}}},"67":{"name":"(anonymous_67)","line":879,"loc":{"start":{"line":879,"column":33},"end":{"line":879,"column":49}}},"68":{"name":"(anonymous_68)","line":883,"loc":{"start":{"line":883,"column":18},"end":{"line":883,"column":33}}},"69":{"name":"(anonymous_69)","line":887,"loc":{"start":{"line":887,"column":20},"end":{"line":887,"column":34}}},"70":{"name":"(anonymous_70)","line":891,"loc":{"start":{"line":891,"column":18},"end":{"line":891,"column":33}}}},"statementMap":{"1":{"start":{"line":31,"column":0},"end":{"line":34,"column":3}},"2":{"start":{"line":37,"column":0},"end":{"line":39,"column":3}},"3":{"start":{"line":41,"column":0},"end":{"line":51,"column":1}},"4":{"start":{"line":42,"column":2},"end":{"line":44,"column":3}},"5":{"start":{"line":43,"column":4},"end":{"line":43,"column":29}},"6":{"start":{"line":45,"column":2},"end":{"line":50,"column":3}},"7":{"start":{"line":46,"column":4},"end":{"line":49,"column":5}},"8":{"start":{"line":47,"column":6},"end":{"line":47,"column":38}},"9":{"start":{"line":48,"column":6},"end":{"line":48,"column":22}},"10":{"start":{"line":53,"column":0},"end":{"line":74,"column":1}},"11":{"start":{"line":55,"column":2},"end":{"line":57,"column":3}},"12":{"start":{"line":56,"column":4},"end":{"line":56,"column":29}},"13":{"start":{"line":59,"column":2},"end":{"line":68,"column":5}},"14":{"start":{"line":70,"column":2},"end":{"line":70,"column":142}},"15":{"start":{"line":71,"column":2},"end":{"line":71,"column":53}},"16":{"start":{"line":73,"column":2},"end":{"line":73,"column":20}},"17":{"start":{"line":77,"column":0},"end":{"line":116,"column":1}},"18":{"start":{"line":79,"column":2},"end":{"line":82,"column":3}},"19":{"start":{"line":80,"column":4},"end":{"line":80,"column":23}},"20":{"start":{"line":81,"column":4},"end":{"line":81,"column":20}},"21":{"start":{"line":84,"column":2},"end":{"line":84,"column":28}},"22":{"start":{"line":86,"column":2},"end":{"line":86,"column":23}},"23":{"start":{"line":88,"column":2},"end":{"line":88,"column":63}},"24":{"start":{"line":88,"column":34},"end":{"line":88,"column":63}},"25":{"start":{"line":90,"column":2},"end":{"line":90,"column":79}},"26":{"start":{"line":91,"column":2},"end":{"line":91,"column":26}},"27":{"start":{"line":93,"column":2},"end":{"line":93,"column":42}},"28":{"start":{"line":94,"column":2},"end":{"line":94,"column":252}},"29":{"start":{"line":96,"column":2},"end":{"line":114,"column":27}},"30":{"start":{"line":97,"column":4},"end":{"line":99,"column":5}},"31":{"start":{"line":98,"column":6},"end":{"line":98,"column":61}},"32":{"start":{"line":100,"column":4},"end":{"line":102,"column":7}},"33":{"start":{"line":104,"column":4},"end":{"line":104,"column":42}},"34":{"start":{"line":104,"column":18},"end":{"line":104,"column":42}},"35":{"start":{"line":105,"column":4},"end":{"line":105,"column":30}},"36":{"start":{"line":106,"column":4},"end":{"line":109,"column":7}},"37":{"start":{"line":107,"column":6},"end":{"line":107,"column":30}},"38":{"start":{"line":108,"column":6},"end":{"line":108,"column":36}},"39":{"start":{"line":108,"column":20},"end":{"line":108,"column":36}},"40":{"start":{"line":110,"column":4},"end":{"line":113,"column":7}},"41":{"start":{"line":111,"column":6},"end":{"line":111,"column":32}},"42":{"start":{"line":111,"column":19},"end":{"line":111,"column":32}},"43":{"start":{"line":112,"column":6},"end":{"line":112,"column":43}},"44":{"start":{"line":118,"column":0},"end":{"line":159,"column":1}},"45":{"start":{"line":120,"column":2},"end":{"line":123,"column":3}},"46":{"start":{"line":121,"column":4},"end":{"line":121,"column":20}},"47":{"start":{"line":122,"column":4},"end":{"line":122,"column":14}},"48":{"start":{"line":125,"column":2},"end":{"line":125,"column":28}},"49":{"start":{"line":127,"column":2},"end":{"line":130,"column":5}},"50":{"start":{"line":132,"column":2},"end":{"line":132,"column":63}},"51":{"start":{"line":132,"column":34},"end":{"line":132,"column":63}},"52":{"start":{"line":134,"column":2},"end":{"line":134,"column":42}},"53":{"start":{"line":135,"column":2},"end":{"line":135,"column":151}},"54":{"start":{"line":136,"column":2},"end":{"line":136,"column":72}},"55":{"start":{"line":137,"column":2},"end":{"line":137,"column":50}},"56":{"start":{"line":138,"column":2},"end":{"line":138,"column":26}},"57":{"start":{"line":140,"column":2},"end":{"line":140,"column":66}},"58":{"start":{"line":141,"column":2},"end":{"line":141,"column":26}},"59":{"start":{"line":143,"column":2},"end":{"line":153,"column":5}},"60":{"start":{"line":144,"column":4},"end":{"line":144,"column":18}},"61":{"start":{"line":145,"column":4},"end":{"line":145,"column":28}},"62":{"start":{"line":146,"column":4},"end":{"line":146,"column":30}},"63":{"start":{"line":147,"column":4},"end":{"line":149,"column":7}},"64":{"start":{"line":148,"column":6},"end":{"line":148,"column":22}},"65":{"start":{"line":150,"column":4},"end":{"line":152,"column":7}},"66":{"start":{"line":151,"column":6},"end":{"line":151,"column":43}},"67":{"start":{"line":155,"column":2},"end":{"line":155,"column":28}},"68":{"start":{"line":157,"column":2},"end":{"line":157,"column":16}},"69":{"start":{"line":161,"column":0},"end":{"line":230,"column":1}},"70":{"start":{"line":162,"column":2},"end":{"line":162,"column":28}},"71":{"start":{"line":164,"column":2},"end":{"line":164,"column":30}},"72":{"start":{"line":166,"column":2},"end":{"line":175,"column":5}},"73":{"start":{"line":177,"column":2},"end":{"line":177,"column":63}},"74":{"start":{"line":177,"column":35},"end":{"line":177,"column":63}},"75":{"start":{"line":180,"column":2},"end":{"line":180,"column":42}},"76":{"start":{"line":182,"column":2},"end":{"line":184,"column":3}},"77":{"start":{"line":183,"column":4},"end":{"line":183,"column":58}},"78":{"start":{"line":186,"column":2},"end":{"line":186,"column":26}},"79":{"start":{"line":188,"column":2},"end":{"line":192,"column":7}},"80":{"start":{"line":189,"column":4},"end":{"line":189,"column":51}},"81":{"start":{"line":190,"column":4},"end":{"line":190,"column":40}},"82":{"start":{"line":190,"column":33},"end":{"line":190,"column":40}},"83":{"start":{"line":191,"column":4},"end":{"line":191,"column":34}},"84":{"start":{"line":194,"column":2},"end":{"line":194,"column":75}},"85":{"start":{"line":196,"column":2},"end":{"line":196,"column":26}},"86":{"start":{"line":198,"column":2},"end":{"line":208,"column":5}},"87":{"start":{"line":199,"column":4},"end":{"line":199,"column":18}},"88":{"start":{"line":200,"column":4},"end":{"line":200,"column":30}},"89":{"start":{"line":201,"column":4},"end":{"line":203,"column":7}},"90":{"start":{"line":204,"column":4},"end":{"line":207,"column":7}},"91":{"start":{"line":206,"column":6},"end":{"line":206,"column":36}},"92":{"start":{"line":210,"column":2},"end":{"line":210,"column":28}},"93":{"start":{"line":212,"column":2},"end":{"line":225,"column":3}},"94":{"start":{"line":213,"column":4},"end":{"line":224,"column":30}},"95":{"start":{"line":214,"column":6},"end":{"line":216,"column":7}},"96":{"start":{"line":215,"column":8},"end":{"line":215,"column":15}},"97":{"start":{"line":217,"column":6},"end":{"line":217,"column":27}},"98":{"start":{"line":218,"column":6},"end":{"line":221,"column":7}},"99":{"start":{"line":219,"column":8},"end":{"line":219,"column":21}},"100":{"start":{"line":220,"column":8},"end":{"line":220,"column":34}},"101":{"start":{"line":222,"column":6},"end":{"line":222,"column":36}},"102":{"start":{"line":223,"column":6},"end":{"line":223,"column":28}},"103":{"start":{"line":227,"column":2},"end":{"line":227,"column":25}},"104":{"start":{"line":229,"column":2},"end":{"line":229,"column":10}},"105":{"start":{"line":232,"column":0},"end":{"line":244,"column":1}},"106":{"start":{"line":234,"column":2},"end":{"line":234,"column":28}},"107":{"start":{"line":236,"column":2},"end":{"line":242,"column":5}},"108":{"start":{"line":237,"column":4},"end":{"line":237,"column":34}},"109":{"start":{"line":237,"column":13},"end":{"line":237,"column":34}},"110":{"start":{"line":238,"column":4},"end":{"line":241,"column":7}},"111":{"start":{"line":239,"column":6},"end":{"line":239,"column":36}},"112":{"start":{"line":239,"column":15},"end":{"line":239,"column":36}},"113":{"start":{"line":240,"column":6},"end":{"line":240,"column":26}},"114":{"start":{"line":246,"column":0},"end":{"line":285,"column":1}},"115":{"start":{"line":247,"column":2},"end":{"line":247,"column":28}},"116":{"start":{"line":249,"column":2},"end":{"line":252,"column":5}},"117":{"start":{"line":254,"column":2},"end":{"line":282,"column":3}},"118":{"start":{"line":255,"column":4},"end":{"line":257,"column":7}},"119":{"start":{"line":259,"column":4},"end":{"line":264,"column":13}},"120":{"start":{"line":260,"column":6},"end":{"line":263,"column":7}},"121":{"start":{"line":261,"column":8},"end":{"line":261,"column":24}},"122":{"start":{"line":262,"column":8},"end":{"line":262,"column":51}},"123":{"start":{"line":266,"column":4},"end":{"line":281,"column":7}},"124":{"start":{"line":267,"column":6},"end":{"line":267,"column":27}},"125":{"start":{"line":267,"column":20},"end":{"line":267,"column":27}},"126":{"start":{"line":268,"column":6},"end":{"line":268,"column":22}},"127":{"start":{"line":269,"column":6},"end":{"line":269,"column":39}},"128":{"start":{"line":270,"column":6},"end":{"line":270,"column":38}},"129":{"start":{"line":271,"column":6},"end":{"line":271,"column":93}},"130":{"start":{"line":271,"column":53},"end":{"line":271,"column":93}},"131":{"start":{"line":272,"column":6},"end":{"line":272,"column":27}},"132":{"start":{"line":272,"column":15},"end":{"line":272,"column":27}},"133":{"start":{"line":273,"column":6},"end":{"line":273,"column":43}},"134":{"start":{"line":273,"column":27},"end":{"line":273,"column":43}},"135":{"start":{"line":274,"column":6},"end":{"line":274,"column":13}},"136":{"start":{"line":275,"column":6},"end":{"line":280,"column":7}},"137":{"start":{"line":276,"column":8},"end":{"line":276,"column":72}},"138":{"start":{"line":276,"column":30},"end":{"line":276,"column":72}},"139":{"start":{"line":277,"column":8},"end":{"line":277,"column":47}},"140":{"start":{"line":279,"column":8},"end":{"line":279,"column":19}},"141":{"start":{"line":284,"column":2},"end":{"line":284,"column":13}},"142":{"start":{"line":287,"column":0},"end":{"line":317,"column":1}},"143":{"start":{"line":288,"column":2},"end":{"line":291,"column":5}},"144":{"start":{"line":293,"column":2},"end":{"line":315,"column":3}},"145":{"start":{"line":294,"column":4},"end":{"line":314,"column":19}},"146":{"start":{"line":295,"column":6},"end":{"line":295,"column":26}},"147":{"start":{"line":296,"column":6},"end":{"line":296,"column":29}},"148":{"start":{"line":297,"column":6},"end":{"line":313,"column":9}},"149":{"start":{"line":298,"column":8},"end":{"line":300,"column":9}},"150":{"start":{"line":299,"column":10},"end":{"line":299,"column":25}},"151":{"start":{"line":301,"column":8},"end":{"line":305,"column":9}},"152":{"start":{"line":302,"column":10},"end":{"line":302,"column":33}},"153":{"start":{"line":304,"column":10},"end":{"line":304,"column":37}},"154":{"start":{"line":306,"column":8},"end":{"line":306,"column":15}},"155":{"start":{"line":307,"column":8},"end":{"line":312,"column":9}},"156":{"start":{"line":308,"column":10},"end":{"line":310,"column":13}},"157":{"start":{"line":309,"column":12},"end":{"line":309,"column":43}},"158":{"start":{"line":311,"column":10},"end":{"line":311,"column":33}},"159":{"start":{"line":316,"column":2},"end":{"line":316,"column":50}},"160":{"start":{"line":316,"column":17},"end":{"line":316,"column":50}},"161":{"start":{"line":319,"column":0},"end":{"line":392,"column":1}},"162":{"start":{"line":321,"column":2},"end":{"line":321,"column":28}},"163":{"start":{"line":323,"column":2},"end":{"line":331,"column":5}},"164":{"start":{"line":333,"column":2},"end":{"line":333,"column":38}},"165":{"start":{"line":335,"column":2},"end":{"line":339,"column":3}},"166":{"start":{"line":336,"column":4},"end":{"line":336,"column":32}},"167":{"start":{"line":338,"column":4},"end":{"line":338,"column":25}},"168":{"start":{"line":341,"column":2},"end":{"line":341,"column":9}},"169":{"start":{"line":343,"column":2},"end":{"line":343,"column":31}},"170":{"start":{"line":345,"column":2},"end":{"line":391,"column":3}},"171":{"start":{"line":346,"column":4},"end":{"line":346,"column":32}},"172":{"start":{"line":346,"column":25},"end":{"line":346,"column":32}},"173":{"start":{"line":347,"column":4},"end":{"line":347,"column":38}},"174":{"start":{"line":347,"column":31},"end":{"line":347,"column":38}},"175":{"start":{"line":348,"column":4},"end":{"line":348,"column":14}},"176":{"start":{"line":350,"column":4},"end":{"line":352,"column":7}},"177":{"start":{"line":354,"column":4},"end":{"line":354,"column":14}},"178":{"start":{"line":356,"column":4},"end":{"line":388,"column":7}},"179":{"start":{"line":357,"column":6},"end":{"line":362,"column":9}},"180":{"start":{"line":364,"column":6},"end":{"line":364,"column":38}},"181":{"start":{"line":366,"column":6},"end":{"line":366,"column":16}},"182":{"start":{"line":367,"column":6},"end":{"line":367,"column":26}},"183":{"start":{"line":368,"column":6},"end":{"line":368,"column":13}},"184":{"start":{"line":369,"column":6},"end":{"line":369,"column":32}},"185":{"start":{"line":370,"column":6},"end":{"line":370,"column":65}},"186":{"start":{"line":372,"column":6},"end":{"line":372,"column":37}},"187":{"start":{"line":374,"column":6},"end":{"line":374,"column":17}},"188":{"start":{"line":376,"column":6},"end":{"line":378,"column":7}},"189":{"start":{"line":377,"column":8},"end":{"line":377,"column":20}},"190":{"start":{"line":379,"column":6},"end":{"line":382,"column":7}},"191":{"start":{"line":380,"column":8},"end":{"line":380,"column":99}},"192":{"start":{"line":381,"column":8},"end":{"line":381,"column":44}},"193":{"start":{"line":383,"column":6},"end":{"line":387,"column":7}},"194":{"start":{"line":384,"column":8},"end":{"line":384,"column":30}},"195":{"start":{"line":386,"column":8},"end":{"line":386,"column":15}},"196":{"start":{"line":390,"column":4},"end":{"line":390,"column":11}},"197":{"start":{"line":394,"column":0},"end":{"line":471,"column":1}},"198":{"start":{"line":396,"column":2},"end":{"line":396,"column":28}},"199":{"start":{"line":398,"column":2},"end":{"line":406,"column":5}},"200":{"start":{"line":408,"column":2},"end":{"line":408,"column":38}},"201":{"start":{"line":410,"column":2},"end":{"line":414,"column":3}},"202":{"start":{"line":411,"column":4},"end":{"line":411,"column":32}},"203":{"start":{"line":413,"column":4},"end":{"line":413,"column":25}},"204":{"start":{"line":416,"column":2},"end":{"line":416,"column":9}},"205":{"start":{"line":418,"column":2},"end":{"line":418,"column":31}},"206":{"start":{"line":420,"column":2},"end":{"line":470,"column":3}},"207":{"start":{"line":421,"column":4},"end":{"line":421,"column":32}},"208":{"start":{"line":421,"column":25},"end":{"line":421,"column":32}},"209":{"start":{"line":422,"column":4},"end":{"line":422,"column":38}},"210":{"start":{"line":422,"column":31},"end":{"line":422,"column":38}},"211":{"start":{"line":423,"column":4},"end":{"line":423,"column":14}},"212":{"start":{"line":424,"column":4},"end":{"line":426,"column":7}},"213":{"start":{"line":428,"column":4},"end":{"line":428,"column":14}},"214":{"start":{"line":431,"column":4},"end":{"line":467,"column":7}},"215":{"start":{"line":432,"column":6},"end":{"line":432,"column":31}},"216":{"start":{"line":432,"column":24},"end":{"line":432,"column":31}},"217":{"start":{"line":433,"column":6},"end":{"line":435,"column":7}},"218":{"start":{"line":434,"column":8},"end":{"line":434,"column":18}},"219":{"start":{"line":436,"column":6},"end":{"line":441,"column":9}},"220":{"start":{"line":443,"column":6},"end":{"line":443,"column":38}},"221":{"start":{"line":445,"column":6},"end":{"line":445,"column":16}},"222":{"start":{"line":446,"column":6},"end":{"line":446,"column":26}},"223":{"start":{"line":447,"column":6},"end":{"line":447,"column":13}},"224":{"start":{"line":448,"column":6},"end":{"line":448,"column":32}},"225":{"start":{"line":449,"column":6},"end":{"line":449,"column":63}},"226":{"start":{"line":451,"column":6},"end":{"line":451,"column":37}},"227":{"start":{"line":452,"column":6},"end":{"line":452,"column":33}},"228":{"start":{"line":455,"column":6},"end":{"line":457,"column":7}},"229":{"start":{"line":456,"column":8},"end":{"line":456,"column":20}},"230":{"start":{"line":458,"column":6},"end":{"line":461,"column":7}},"231":{"start":{"line":459,"column":8},"end":{"line":459,"column":97}},"232":{"start":{"line":460,"column":8},"end":{"line":460,"column":42}},"233":{"start":{"line":462,"column":6},"end":{"line":466,"column":7}},"234":{"start":{"line":463,"column":8},"end":{"line":463,"column":30}},"235":{"start":{"line":465,"column":8},"end":{"line":465,"column":15}},"236":{"start":{"line":469,"column":4},"end":{"line":469,"column":11}},"237":{"start":{"line":473,"column":0},"end":{"line":784,"column":1}},"238":{"start":{"line":475,"column":2},"end":{"line":475,"column":26}},"239":{"start":{"line":477,"column":2},"end":{"line":477,"column":45}},"240":{"start":{"line":478,"column":2},"end":{"line":478,"column":70}},"241":{"start":{"line":479,"column":2},"end":{"line":479,"column":47}},"242":{"start":{"line":481,"column":2},"end":{"line":495,"column":5}},"243":{"start":{"line":497,"column":2},"end":{"line"
[...]
166":0,"177":0,"180":0,"182":0,"183":0,"186":0,"188":0,"189":0,"190":0,"191":0,"194":0,"196":0,"198":0,"199":0,"200":0,"201":0,"204":0,"206":0,"210":0,"212":1,"213":0,"214":0,"215":0,"217":0,"218":0,"219":0,"220":0,"222":0,"223":0,"227":0,"229":0,"232":1,"234":2,"236":2,"237":2,"238":2,"239":2,"240":2,"246":1,"247":5,"249":5,"254":1,"255":15,"259":15,"260":15,"261":0,"262":0,"266":15,"267":15,"268":15,"269":15,"270":15,"271":15,"272":15,"273":15,"274":15,"275":15,"276":5,"277":4,"279":10,"284":5,"287":1,"288":1,"293":1,"294":5,"295":5,"296":5,"297":5,"298":5,"299":0,"301":5,"302":1,"304":4,"306":5,"307":5,"308":1,"309":9,"311":1,"316":1,"319":1,"321":1,"323":1,"333":1,"335":1,"336":1,"338":0,"341":1,"343":1,"345":1,"346":43,"347":43,"348":22,"350":22,"354":22,"356":22,"357":20,"364":20,"366":20,"367":20,"368":20,"369":20,"370":20,"372":20,"374":20,"376":20,"377":0,"379":20,"380":20,"381":20,"383":20,"384":0,"386":20,"390":22,"394":1,"396":0,"398":0,"408":0,"410":0,"411":0,"413":0,"416":0,"418":0,"420":1,"421":0,"422":0,"423":0,"424":0,"428":0,"431":0,"432":0,"433":0,"434":0,"436":0,"443":0,"445":0,"446":0,"447":0,"448":0,"449":0,"451":0,"452":0,"455":0,"456":0,"458":0,"459":0,"460":0,"462":0,"463":0,"465":0,"469":0,"473":1,"475":1,"477":1,"478":1,"479":1,"481":1,"497":1,"498":2,"499":2,"500":2,"505":1,"507":1,"508":1,"509":1,"511":1,"512":4,"515":1,"521":1,"523":1,"524":1,"527":1,"528":0,"529":0,"532":1,"533":1,"534":0,"536":1,"537":0,"539":1,"540":1,"542":1,"545":1,"547":1,"548":1,"549":1,"551":1,"552":1,"553":5887,"554":0,"555":0,"557":5887,"560":1,"562":1,"563":1,"566":1,"567":2,"570":1,"572":1,"573":5887,"577":5887,"578":5887,"581":1,"582":65047,"585":1,"586":1,"588":1,"589":1,"590":1,"592":1,"596":1,"597":1,"598":1,"599":1,"608":1,"609":10,"610":10,"611":40,"615":1,"617":1,"618":0,"619":0,"620":0,"622":0,"623":0,"624":0,"625":0,"626":0,"629":0,"630":0,"633":0,"638":1,"640":0,"656":0,"657":0,"658":0,"659":0,"662":0,"663":0,"664":0,"665":0,"666":0,"668":0,"669":0,"688":1,"689":0,"692":0,"693":0,"694":0,"695":0,"696":0,"697":0,"699":0,"702":0,"703":0,"705":0,"731":0,"732":0,"736":1,"737":0,"739":0,"761":0,"762":0,"765":0,"767":0,"769":0,"770":0,"771":0,"772":0,"775":0,"777":0,"778":0,"782":1,"786":1,"788":1,"790":0,"791":0,"793":0,"795":0,"803":0,"804":0,"805":0,"807":0,"811":0,"812":0,"815":0,"816":0,"819":0,"820":0,"821":0,"824":0,"825":0,"826":0,"828":1,"829":0,"830":0,"832":0,"833":0,"836":0,"837":0,"840":0,"841":0,"844":0,"845":0,"848":0,"850":0,"853":0,"854":0,"857":0,"858":0,"861":0,"862":0,"865":0,"868":0,"869":0,"872":0,"875":0,"876":0,"879":0,"880":0,"883":0,"884":0,"887":0,"888":0,"891":0,"892":0,"895":0,"898":1}},"/home/travis/build/npmtest/node-npmtest-speedtest-net/node_modules/speedtest-net/bin/index.js":{"path":"/home/travis/build/npmtest/node-npmtest-speedtest-net/node_modules/speedtest-net/bin/index.js","s":{"1":1,"2":1,"3":1,"4":1,"5":1,"6":1,"7":1,"8":1,"9":1,"10":1,"11":1,"12":1,"13":1,"14":1,"15":1,"16":1,"17":3,"18":3,"19":3,"20":2,"21":1,"22":3,"23":1,"24":1,"25":1,"26":1,"27":3,"28":3,"29":3,"30":3,"31":3,"32":3,"33":3,"34":3,"35":3,"36":1,"37":2,"38":3,"39":1,"40":1,"41":7,"42":7,"43":4,"44":7,"45":7,"46":7,"47":1,"48":20,"49":20,"50":20,"51":1,"52":1,"53":1,"54":1,"55":1,"56":1,"57":1,"58":1,"59":1,"60":1,"61":1,"62":1,"63":1,"64":1,"65":1,"66":1,"67":1,"68":1,"69":1,"70":1,"71":1,"72":1,"73":1,"74":1,"75":1,"76":20,"77":20,"78":1,"79":0,"80":0,"81":1,"82":1,"83":1,"84":1,"85":1,"86":1,"87":1,"88":1,"89":0,"90":0,"91":0,"92":1,"93":0,"94":0,"95":0,"96":1,"97":0,"98":1,"99":0,"100":0,"101":0,"102":0},"b":{"1":[2,1],"2":[2,1],"3":[1,2],"4":[3,0],"5":[1,2],"6":[7,7],"7":[4,3],"8":[0,20],"9":[1,0],"10":[20,0],"11":[0,0]},"f":{"1":1,"2":1,"3":1,"4":7,"5":20,"6":1,"7":20,"8":0,"9":1,"10":0,"11":0,"12":0},"fnMap":{"1":{"name":"updateLines","line":21,"loc":{"start":{"line":21,"column":0},"end":{"line":21,"column":23}}},"2":{"name":"renderHeader","line":33,"loc":{"start":{"line":33,"column":0},"end":{"line":33,"column":32}}},"3":{"name":"renderStatus","line":59,"loc":{"start":{"line":59,"column":0},"end":{"line":59,"column":46}}},"4":{"name":"centerText","line":99,"loc":{"start":{"line":99,"column":0},"end":{"line":99,"column":37}}},"5":{"name":"speedText","line":121,"loc":{"start":{"line":121,"column":0},"end":{"line":121,"column":26}}},"6":{"name":"Spinner","line":144,"loc":{"start":{"line":144,"column":0},"end":{"line":144,"column":18}}},"7":{"name":"(anonymous_7)","line":178,"loc":{"start":{"line":178,"column":33},"end":{"line":178,"column":49}}},"8":{"name":"(anonymous_8)","line":184,"loc":{"start":{"line":184,"column":31},"end":{"line":184,"column":47}}},"9":{"name":"(anonymous_9)","line":190,"loc":{"start":{"line":190,"column":24},"end":{"line":190,"column":39}}},"10":{"name":"(anonymous_10)","line":202,"loc":{"start":{"line":202,"column":27},"end":{"line":202,"column":43}}},"11":{"name":"(anonymous_11)","line":208,"loc":{"start":{"line":208,"column":25},"end":{"line":208,"column":41}}},"12":{"name":"(anonymous_12)","line":214,"loc":{"start":{"line":214,"column":16},"end":{"line":214,"column":28}}}},"statementMap":{"1":{"start":{"line":2,"column":0},"end":{"line":2,"column":65}},"2":{"start":{"line":3,"column":0},"end":{"line":3,"column":29}},"3":{"start":{"line":4,"column":0},"end":{"line":4,"column":34}},"4":{"start":{"line":9,"column":0},"end":{"line":9,"column":27}},"5":{"start":{"line":10,"column":0},"end":{"line":10,"column":18}},"6":{"start":{"line":11,"column":0},"end":{"line":15,"column":2}},"7":{"start":{"line":20,"column":0},"end":{"line":20,"column":15}},"8":{"start":{"line":21,"column":0},"end":{"line":28,"column":1}},"9":{"start":{"line":22,"column":2},"end":{"line":22,"column":26}},"10":{"start":{"line":23,"column":2},"end":{"line":23,"column":47}},"11":{"start":{"line":24,"column":2},"end":{"line":24,"column":56}},"12":{"start":{"line":26,"column":2},"end":{"line":26,"column":32}},"13":{"start":{"line":27,"column":2},"end":{"line":27,"column":32}},"14":{"start":{"line":33,"column":0},"end":{"line":54,"column":1}},"15":{"start":{"line":34,"column":2},"end":{"line":34,"column":15}},"16":{"start":{"line":37,"column":2},"end":{"line":51,"column":3}},"17":{"start":{"line":38,"column":4},"end":{"line":38,"column":29}},"18":{"start":{"line":41,"column":4},"end":{"line":41,"column":35}},"19":{"start":{"line":44,"column":4},"end":{"line":48,"column":5}},"20":{"start":{"line":45,"column":6},"end":{"line":45,"column":27}},"21":{"start":{"line":47,"column":6},"end":{"line":47,"column":29}},"22":{"start":{"line":50,"column":4},"end":{"line":50,"column":15}},"23":{"start":{"line":53,"column":2},"end":{"line":53,"column":13}},"24":{"start":{"line":59,"column":0},"end":{"line":94,"column":1}},"25":{"start":{"line":60,"column":2},"end":{"line":60,"column":15}},"26":{"start":{"line":63,"column":2},"end":{"line":91,"column":3}},"27":{"start":{"line":64,"column":4},"end":{"line":64,"column":29}},"28":{"start":{"line":68,"column":4},"end":{"line":68,"column":44}},"29":{"start":{"line":69,"column":4},"end":{"line":69,"column":44}},"30":{"start":{"line":70,"column":4},"end":{"line":70,"column":25}},"31":{"start":{"line":73,"column":4},"end":{"line":75,"column":5}},"32":{"start":{"line":74,"column":6},"end":{"line":74,"column":29}},"33":{"start":{"line":78,"column":4},"end":{"line":78,"column":39}},"34":{"start":{"line":81,"column":4},"end":{"line":81,"column":60}},"35":{"start":{"line":84,"column":4},"end":{"line":88,"column":5}},"36":{"start":{"line":85,"column":6},"end":{"line":85,"column":36}},"37":{"start":{"line":87,"column":6},"end":{"line":87,"column":34}},"38":{"start":{"line":90,"column":4},"end":{"line":90,"column":18}},"39":{"start":{"line":93,"column":2},"end":{"line":93,"column":13}},"40":{"start":{"line":99,"column":0},"end":{"line":116,"column":1}},"41":{"start":{"line":101,"column":2},"end":{"line":101,"column":29}},"42":{"start":{"line":104,"column":2},"end":{"line":106,"column":3}},"43":{"start":{"line":105,"column":4},"end":{"line":105,"column":22}},"44":{"start":{"line":109,"column":2},"end":{"line":109,"column":24}},"45":{"start":{"line":112,"column":2},"end":{"line":112,"column":29}},"46":{"start":{"line":115,"column":2},"end":{"line":115,"column":32}},"47":{"start":{"line":121,"column":0},"end":{"line":130,"column":1}},"48":{"start":{"line":123,"column":2},"end":{"line":123,"column":36}},"49":{"start":{"line":126,"column":2},"end":{"line":126,"column":34}},"50":{"start":{"line":129,"column":2},"end":{"line":129,"column":23}},"51":{"start":{"line":135,"column":0},"end":{"line":142,"column":2}},"52":{"start":{"line":143,"column":0},"end":{"line":143,"column":19}},"53":{"start":{"line":144,"column":0},"end":{"line":150,"column":1}},"54":{"start":{"line":145,"column":2},"end":{"line":148,"column":3}},"55":{"start":{"line":146,"column":4},"end":{"line":146,"column":33}},"56":{"start":{"line":147,"column":4},"end":{"line":147,"column":28}},"57":{"start":{"line":149,"column":2},"end":{"line":149,"column":19}},"58":{"start":{"line":155,"column":0},"end":{"line":155,"column":14}},"59":{"start":{"line":156,"column":0},"end":{"line":156,"column":47}},"60":{"start":{"line":157,"column":0},"end":{"line":157,"column":47}},"61":{"start":{"line":158,"column":0},"end":{"line":158,"column":58}},"62":{"start":{"line":159,"column":0},"end":{"line":159,"column":47}},"63":{"start":{"line":160,"column":0},"end":{"line":160,"column":25}},"64":{"start":{"line":161,"column":0},"end":{"line":161,"column":25}},"65":{"start":{"line":162,"column":0},"end":{"line":162,"column":47}},"66":{"start":{"line":163,"column":0},"end":{"line":163,"column":47}},"67":{"start":{"line":164,"column":0},"end":{"line":164,"column":47}},"68":{"start":{"line":165,"column":0},"end":{"line":165,"column":14}},"69":{"start":{"line":166,"column":0},"end":{"line":166,"column":14}},"70":{"start":{"line":168,"column":0},"end":{"line":168,"column":14}},"71":{"start":{"line":173,"column":0},"end":{"line":173,"column":42}},"72":{"start":{"line":174,"column":0},"end":{"line":174,"column":45}},"73":{"start":{"line":175,"column":0},"end":{"line":175,"column":28}},"74":{"start":{"line":176,"column":0},"end":{"line":176,"column":30}},"75":{"start":{"line":178,"column":0},"end":{"line":182,"column":3}},"76":{"start":{"line":179,"column":2},"end":{"line":181,"column":3}},"77":{"start":{"line":180,"column":4},"end":{"line":180,"column":41}},"78":{"start":{"line":184,"column":0},"end":{"line":188,"column":3}},"79":{"start":{"line":185,"column":2},"end":{"line":187,"column":3}},"80":{"start":{"line":186,"column":4},"end":{"line":186,"column":39}},"81":{"start":{"line":190,"column":0},"end":{"line":200,"column":3}},"82":{"start":{"line":192,"column":2},"end":{"line":192,"column":69}},"83":{"start":{"line":193,"column":2},"end":{"line":193,"column":39}},"84":{"start":{"line":195,"column":2},"end":{"line":195,"column":42}},"85":{"start":{"line":197,"column":2},"end":{"line":197,"column":49}},"86":{"start":{"line":198,"column":2},"end":{"line":198,"column":31}},"87":{"start":{"line":199,"column":2},"end":{"line":199,"column":20}},"88":{"start":{"line":202,"column":0},"end":{"line":206,"column":3}},"89":{"start":{"line":203,"column":2},"end":{"line":203,"column":27}},"90":{"start":{"line":204,"column":2},"end":{"line":204,"column":18}},"91":{"start":{"line":205,"column":2},"end":{"line":205,"column":39}},"92":{"start":{"line":208,"column":0},"end":{"line":212,"column":3}},"93":{"start":{"line":209,"column":2},"end":{"line":209,"column":25}},"94":{"start":{"line":210,"column":2},"end":{"line":210,"column":20}},"95":{"start":{"line":211,"column":2},"end":{"line":211,"column":37}},"96":{"start":{"line":214,"column":0},"end":{"line":216,"column":3}},"97":{"start":{"line":215,"column":2},"end":{"line":215,"column":18}},"98":{"start":{"line":218,"column":0},"end":{"line":223,"column":3}},"99":{"start":{"line":219,"column":2},"end":{"line":219,"column":16}},"100":{"start":{"line":220,"column":2},"end":{"line":220,"column":32}},"101":{"start":{"line":221,"column":2},"end":{"line":221,"column":16}},"102":{"start":{"line":222,"column":2},"end":{"line":222,"column":18}}},"branchMap":{"1":{"line":44,"type":"if","locations":[{"start":{"line":44,"column":4},"end":{"line":44,"column":4}},{"start":{"line":44,"column":4},"end":{"line":44,"column":4}}]},"2":{"line":68,"type":"cond-expr","locations":[{"start":{"line":68,"column":32},"end":{"line":68,"column":34}},{"start":{"line":68,"column":37},"end":{"line":68,"column":43}}]},"3":{"line":69,"type":"cond-expr","locations":[{"start":{"line":69,"column":32},"end":{"line":69,"column":34}},{"start":{"line":69,"column":37},"end":{"line":69,"column":43}}]},"4":{"line":73,"type":"if","locations":[{"start":{"line":73,"column":4},"end":{"line":73,"column":4}},{"start":{"line":73,"column":4},"end":{"line":73,"column":4}}]},"5":{"line":84,"type":"if","locations":[{"start":{"line":84,"column":4},"end":{"line":84,"column":4}},{"start":{"line":84,"column":4},"end":{"line":84,"column":4}}]},"6":{"line":101,"type":"binary-expr","locations":[{"start":{"line":101,"column":7},"end":{"line":101,"column":13}},{"start":{"line":101,"column":17},"end":{"line":101,"column":28}}]},"7":{"line":104,"type":"if","locations":[{"start":{"line":104,"column":2},"end":{"line":104,"column":2}},{"start":{"line":104,"column":2},"end":{"line":104,"column":2}}]},"8":{"line":123,"type":"cond-expr","locations":[{"start":{"line":123,"column":29},"end":{"line":123,"column":30}},{"start":{"line":123,"column":33},"end":{"line":123,"column":34}}]},"9":{"line":145,"type":"if","locations":[{"start":{"line":145,"column":2},"end":{"line":145,"column":2}},{"start":{"line":145,"column":2},"end":{"line":145,"column":2}}]},"10":{"line":179,"type":"if","locations":[{"start":{"line":179,"column":2},"end":{"line":179,"column":2}},{"start":{"line":179,"column":2},"end":{"line":179,"column":2}}]},"11":{"line":185,"type":"if","locations":[{"start":{"line":185,"column":2},"end":{"line":185,"column":2}},{"start":{"line":185,"column":2},"end":{"line":185,"column":2}}]}},"code":["//#!/usr/bin/env node","require('draftlog').into(console).addLineListener(process.stdin);","var chalk = require('chalk');","var SpeedTestNet = require('../');","","/*"," * Keep track of current UI State"," */","var header, speeds, locate;","var step = 'Ping';","var statuses = {","  Ping: true,","  Download: false,","  Upload: false,","};","","/*"," * Renders the header and Speeds (one below the other)"," */","var width = 24;","function updateLines() {","  var spinner = Spinner();","  var headerTxt = renderHeader(statuses, step);","  var speedsTxt = renderStatus(statuses, step, spinner);","","  header('│' + headerTxt + '│');","  speeds('│' + speedsTxt + '│');","}","","/*"," * Renders the Header (Showing PING DOWNLOAD UPLOAD) with it's colors and spacings"," */","function renderHeader(statuses) {","  var txt = '';","","  // Build Header","  for (var k in statuses) {","    var status = statuses[k];","","    // Create header","    var col = centerText(k, width);","","    // Set header status color","    if (status === false) {","      col = chalk.dim(col);","    } else {","      col = chalk.white(col);","    }","","    txt += col;","  }","","  return txt;","}","","/*"," * Renders the Status line (Showing Ping/Download/Upload results) with it's colors and spacings"," */","function renderStatus(statuses, step, spinner){","  var txt = '';","","   // Build Status","  for (var k in statuses) {","    var status = statuses[k];","    ","    // Account for status where it's false/true","    // (indicating not started and not received value yet)","    status = status === false ? '' : status;","    status = status === true  ? '' : status;","    status = status + '';","","    // Put spinner if no info","    if (!status) {","      status = spinner + ' ';","    }","","    // Create status text","    status = centerText(status, width);","","    // Dim unitis","    status = status.replace(/(Mbps|ms)/gi, chalk.dim('$1'));","","    // If it's the current step, show as yellow","    if (step == k) {","      status = chalk.yellow(status);","    } else {","      status = chalk.blue(status);","    }","","    txt += status;","  }","","  return txt;","}","","/*"," * Pad Left/Right with same amount of spaces n times. compensate for odd numbers"," */","function centerText(text, n, length) {","  // Account for text length first","  n -= length || text.length;","","  // Pad to be even","  if (n % 2 == 1) {","    text = ' ' + text;","  }","","  // Round n to lowest number","  n = Math.floor(n / 2);","","  // Make spacer","  var spacer = ' '.repeat(n);","","  // Fill in text","  return spacer + text + spacer;","}","","/*"," * Converts a number to speed (in Mbps)"," */","function speedText(speed) {","  // Depending on the speed, show more places","  var places = ( speed < 2 ? 3 : 1);","","  // Make it fixed","  var str = speed.toFixed(places);","  ","  // Concat with unit","  return str + ' Mbps';","}","","/*"," * Function that return state of Spinner, and change its state with time"," */","var frames = [","  '+---',","  '-+--',","  '--+-',","  '---+',","  '--+-',","  '-+--',","];","var lastChange = 0;","function Spinner(){","  if (Date.now() > lastChange + 30) {","    frames.unshift(frames.pop());","    lastChange = Date.now();","  }","  return frames[0];","}","","/*"," * Shows CLI UI"," */","console.log();","console.log('┌' + '─'.repeat(width * 3) + '┐');","console.log('│' + ' '.repeat(width * 3) + '│');","locate = console.draft('│' + ' '.repeat(width * 3) + '│');","console.log('│' + ' '.repeat(width * 3) + '│');","header = console.draft();","speeds = console.draft();","console.log('│' + ' '.repeat(width * 3) + '│');","console.log('│' + ' '.repeat(width * 3) + '│');","console.log('└' + '─'.repeat(width * 3) + '┘');","console.log();","console.log();","","updateLines();","","/*"," * Start speed test"," */","var test = SpeedTestNet({maxTime: 10000});","var interval = setInterval(updateLines, 100);","var completedUpload = false;","var completedDownload = false;","","test.on('downloadspeedprogress', function (speed){","  if (!completedDownload) {","    statuses.Download = speedText(speed);","  }","});","","test.on('uploadspeedprogress', function (speed){","  if (!completedUpload) {","    statuses.Upload = speedText(speed);","  }","});","","test.once('testserver', function (info){","  // Round to 1 decimal place","  var title = info.sponsor + ', ' + info.country + ' - ' + info.name;","  title = centerText(title, width * 3);","","  locate('│' + chalk.yellow(title) + '│');","  ","  var ping = Math.round(info.bestPing * 10) / 10;","  statuses.Ping = ping + ' ms';","  step = 'Download';","});","","test.once('downloadspeed', function (speed){","  completedDownload = true;","  step = 'Upload';","  statuses.Download = speedText(speed);","});","","test.once('uploadspeed', function (speed){","  completedUpload = true;","  step = 'Finished';","  statuses.Upload = speedText(speed);","});","","test.on('done', function () {","  process.exit(0);","});","","test.on('error', err => {","  console.log();","  console.error(chalk.red(err));","  console.log();","  process.exit(1);","});",""],"l":{"2":1,"3":1,"4":1,"9":1,"10":1,"11":1,"20":1,"21":1,"22":1,"23":1,"24":1,"26":1,"27":1,"33":1,"34":1,"37":1,"38":3,"41":3,"44":3,"45":2,"47":1,"50":3,"53":1,"59":1,"60":1,"63":1,"64":3,"68":3,"69":3,"70":3,"73":3,"74":3,"78":3,"81":3,"84":3,"85":1,"87":2,"90":3,"93":1,"99":1,"101":7,"104":7,"105":4,"109":7,"112":7,"115":7,"121":1,"123":20,"126":20,"129":20,"135":1,"143":1,"144":1,"145":1,"146":1,"147":1,"149":1,"155":1,"156":1,"157":1,"158":1,"159":1,"160":1,"161":1,"162":1,"163":1,"164":1,"165":1,"166":1,"168":1,"173":1,"174":1,"175":1,"176":1,"178":1,"179":20,"180":20,"184":1,"185":0,"186":0,"190":1,"192":1,"193":1,"195":1,"197":1,"198":1,"199":1,"202":1,"203":0,"204":0,"205":0,"208":1,"209":0,"210":0,"211":0,"214":1,"215":0,"218":1,"219":0,"220":0,"221":0,"222":0}}}